Using pre-set license
Built from '6000.1/staging' branch; Version is '6000.1.3f1 (f34db9734971) revision 15945145'; Using compiler version '194234433'; Build Type 'Release'
OS: 'Windows 10  (10.0.19045) 64bit CoreSingleLanguage' Language: 'en' Physical Memory: 32616 MB
BatchMode: 1, IsHumanControllingUs: 0, StartBugReporterOnCrash: 0, Is64bit: 1, IsPro: 1
Date: 2025-08-07T12:51:50Z

COMMAND LINE ARGUMENTS:
C:\Program Files\Unity\Hub\Editor\6000.1.3f1\Editor\Unity.exe
-adb2
-batchMode
-noUpm
-name
AssetImportWorker8
-projectPath
D:/[PROGRAMMING]/[GITHUB]/Cat-erpilar-Jump-Jump
-logFile
Logs/AssetImportWorker8.log
-srvPort
50640
-job-worker-count
7
-background-job-worker-count
8
-gc-helper-count
1
-name
AssetImport
Successfully changed project path to: D:/[PROGRAMMING]/[GITHUB]/Cat-erpilar-Jump-Jump
D:/[PROGRAMMING]/[GITHUB]/Cat-erpilar-Jump-Jump
[UnityMemory] Configuration Parameters - Can be set up in boot.config
    "memorysetup-allocator-temp-initial-block-size-main=262144"
    "memorysetup-allocator-temp-initial-block-size-worker=262144"
    "memorysetup-bucket-allocator-granularity=16"
    "memorysetup-bucket-allocator-bucket-count=8"
    "memorysetup-bucket-allocator-block-size=33554432"
    "memorysetup-bucket-allocator-block-count=8"
    "memorysetup-main-allocator-block-size=16777216"
    "memorysetup-thread-allocator-block-size=16777216"
    "memorysetup-gfx-main-allocator-block-size=16777216"
    "memorysetup-gfx-thread-allocator-block-size=16777216"
    "memorysetup-cache-allocator-block-size=4194304"
    "memorysetup-typetree-allocator-block-size=2097152"
    "memorysetup-profiler-bucket-allocator-granularity=16"
    "memorysetup-profiler-bucket-allocator-bucket-count=8"
    "memorysetup-profiler-bucket-allocator-block-size=33554432"
    "memorysetup-profiler-bucket-allocator-block-count=8"
    "memorysetup-profiler-allocator-block-size=16777216"
    "memorysetup-profiler-editor-allocator-block-size=1048576"
    "memorysetup-temp-allocator-size-main=16777216"
    "memorysetup-job-temp-allocator-block-size=2097152"
    "memorysetup-job-temp-allocator-block-size-background=1048576"
    "memorysetup-job-temp-allocator-reduction-small-platforms=262144"
    "memorysetup-temp-allocator-size-background-worker=32768"
    "memorysetup-temp-allocator-size-job-worker=262144"
    "memorysetup-temp-allocator-size-preload-manager=33554432"
    "memorysetup-temp-allocator-size-nav-mesh-worker=65536"
    "memorysetup-temp-allocator-size-audio-worker=65536"
    "memorysetup-temp-allocator-size-cloud-worker=32768"
    "memorysetup-temp-allocator-size-gi-baking-worker=262144"
    "memorysetup-temp-allocator-size-gi-baking-worker=262144"
    "memorysetup-temp-allocator-size-gi-baking-worker=262144"
    "memorysetup-temp-allocator-size-gi-baking-worker=262144"
    "memorysetup-temp-allocator-size-gi-baking-worker=262144"
    "memorysetup-temp-allocator-size-gfx=262144"
Player connection [6932]  Target information:

Player connection [6932]  * "[IP] 192.168.100.9 [Port] 0 [Flags] 2 [Guid] 2268311721 [EditorId] 2268311721 [Version] 1048832 [Id] WindowsEditor(7,DESKTOP-L3UL4MU) [Debug] 1 [PackageName] WindowsEditor [ProjectName] Editor" 

Player connection [6932] Host joined multi-casting on [225.0.0.222:54997]...
Player connection [6932] Host joined alternative multi-casting on [225.0.0.222:34997]...
JobSystem: Creating JobQueue using job-worker-count value 7
Input System module state changed to: Initialized.
[Physics::Module] Initialized fallback backend.
[Physics::Module] Id: 0xdecafbad
Library Redirect Path: Library/
[Physics::Module] Selected backend.
[Physics::Module] Name: PhysX
[Physics::Module] Id: 0xf2b8ea05
[Physics::Module] SDK Version: 4.1.2
[Physics::Module] Integration Version: 1.0.0
[Physics::Module] Threading Mode: Multi-Threaded
Refreshing native plugins compatible for Editor in 4.15 ms, found 4 plugins.
Preloading 0 native plugins for Editor in 0.00 ms.
Initialize engine version: 6000.1.3f1 (f34db9734971)
[Subsystems] Discovering subsystems at path C:/Program Files/Unity/Hub/Editor/6000.1.3f1/Editor/Data/Resources/UnitySubsystems
[Subsystems] Discovering subsystems at path D:/[PROGRAMMING]/[GITHUB]/Cat-erpilar-Jump-Jump/Assets
GfxDevice: creating device client; kGfxThreadingModeNonThreaded
Direct3D:
    Version:         Direct3D 12 [level 12.1]
    Renderer:        NVIDIA GeForce RTX 3070 Laptop GPU (ID=0x24dd)
    Vendor:          NVIDIA
    VRAM:            8020 MB
    App VRAM Budget: 7252 MB
    Driver:          32.0.15.6641
Initialize mono
Mono path[0] = 'C:/Program Files/Unity/Hub/Editor/6000.1.3f1/Editor/Data/Managed'
Mono path[1] = 'C:/Program Files/Unity/Hub/Editor/6000.1.3f1/Editor/Data/MonoBleedingEdge/lib/mono/unityjit-win32'
Mono config path = 'C:/Program Files/Unity/Hub/Editor/6000.1.3f1/Editor/Data/MonoBleedingEdge/etc'
Using monoOptions --debugger-agent=transport=dt_socket,embedding=1,server=y,suspend=n,address=127.0.0.1:56340
Begin MonoManager ReloadAssembly
Registering precompiled unity dll's ...
Register platform support module: C:/Program Files/Unity/Hub/Editor/6000.1.3f1/Editor/Data/PlaybackEngines/WindowsStandaloneSupport/UnityEditor.WindowsStandalone.Extensions.dll
Registered in 0.002642 seconds.
- Loaded All Assemblies, in  0.495 seconds
Native extension for WindowsStandalone target not found
Mono: successfully reloaded assembly
- Finished resetting the current domain, in  0.442 seconds
Domain Reload Profiling: 934ms
	BeginReloadAssembly (199ms)
		ExecutionOrderSort (0ms)
		DisableScriptedObjects (0ms)
		BackupInstance (0ms)
		ReleaseScriptingObjects (0ms)
		CreateAndSetChildDomain (1ms)
	RebuildCommonClasses (43ms)
	RebuildNativeTypeToScriptingClass (12ms)
	initialDomainReloadingComplete (59ms)
	LoadAllAssembliesAndSetupDomain (177ms)
		LoadAssemblies (195ms)
		RebuildTransferFunctionScriptingTraits (0ms)
		AnalyzeDomain (174ms)
			TypeCache.Refresh (172ms)
				TypeCache.ScanAssembly (158ms)
			BuildScriptInfoCaches (0ms)
			ResolveRequiredComponents (0ms)
	FinalizeReload (443ms)
		ReleaseScriptCaches (0ms)
		RebuildScriptCaches (0ms)
		SetupLoadedEditorAssemblies (377ms)
			LogAssemblyErrors (0ms)
			InitializePlatformSupportModulesInManaged (72ms)
			SetLoadedEditorAssemblies (5ms)
			BeforeProcessingInitializeOnLoad (72ms)
			ProcessInitializeOnLoadAttributes (150ms)
			ProcessInitializeOnLoadMethodAttributes (78ms)
			AfterProcessingInitializeOnLoad (0ms)
			EditorAssembliesLoaded (0ms)
		ExecutionOrderSort2 (0ms)
		AwakeInstancesAfterBackupRestoration (0ms)
========================================================================
Worker process is ready to serve import requests
Import Worker Mode flag is 0x00
Begin MonoManager ReloadAssembly
- Loaded All Assemblies, in  0.775 seconds
Refreshing native plugins compatible for Editor in 1.85 ms, found 4 plugins.
Native extension for WindowsStandalone target not found
Mono: successfully reloaded assembly
- Finished resetting the current domain, in  0.801 seconds
Domain Reload Profiling: 1572ms
	BeginReloadAssembly (177ms)
		ExecutionOrderSort (0ms)
		DisableScriptedObjects (7ms)
		BackupInstance (0ms)
		ReleaseScriptingObjects (0ms)
		CreateAndSetChildDomain (32ms)
	RebuildCommonClasses (36ms)
	RebuildNativeTypeToScriptingClass (11ms)
	initialDomainReloadingComplete (41ms)
	LoadAllAssembliesAndSetupDomain (507ms)
		LoadAssemblies (352ms)
		RebuildTransferFunctionScriptingTraits (0ms)
		AnalyzeDomain (253ms)
			TypeCache.Refresh (183ms)
				TypeCache.ScanAssembly (168ms)
			BuildScriptInfoCaches (56ms)
			ResolveRequiredComponents (10ms)
	FinalizeReload (801ms)
		ReleaseScriptCaches (0ms)
		RebuildScriptCaches (0ms)
		SetupLoadedEditorAssemblies (662ms)
			LogAssemblyErrors (0ms)
			InitializePlatformSupportModulesInManaged (2ms)
			SetLoadedEditorAssemblies (3ms)
			BeforeProcessingInitializeOnLoad (122ms)
			ProcessInitializeOnLoadAttributes (397ms)
			ProcessInitializeOnLoadMethodAttributes (131ms)
			AfterProcessingInitializeOnLoad (7ms)
			EditorAssembliesLoaded (0ms)
		ExecutionOrderSort2 (0ms)
		AwakeInstancesAfterBackupRestoration (8ms)
Launched and connected shader compiler UnityShaderCompiler.exe after 0.01 seconds
Refreshing native plugins compatible for Editor in 2.17 ms, found 4 plugins.
Preloading 0 native plugins for Editor in 0.00 ms.
Unloading 217 Unused Serialized files (Serialized files now loaded: 0)
Unloading 6597 unused Assets / (4.8 MB). Loaded Objects now: 7312.
Memory consumption went from 168.9 MB to 164.1 MB.
Total: 11.143900 ms (FindLiveObjects: 0.828200 ms CreateObjectMapping: 0.883500 ms MarkObjects: 6.230200 ms  DeleteObjects: 3.199800 ms)

========================================================================
Received Import Request.
  Time since last request: 19668.026538 seconds.
  path: Assets/art and everything nice/Tilesets/Tiles.png
  artifactKey: Guid(01e708e737b714f4bbc8d0ed28089126) Importer(815301076,1909f56bfc062723c751e8b465ee728b)
Start importing Assets/art and everything nice/Tilesets/Tiles.png using Guid(01e708e737b714f4bbc8d0ed28089126) Importer(815301076,1909f56bfc062723c751e8b465ee728b) (PreviewImporter) -> (artifact id: 'a962c7f3aae9810c67d92668f98edc0f') in 0.2244795 seconds
Number of updated asset objects reloaded before import = 0Number of asset objects unloaded after import = 39

========================================================================
Received Import Request.
  Time since last request: 40.628864 seconds.
  path: Assets/art and everything nice/Tilesets/Icon.png
  artifactKey: Guid(1051e861c90e41746a0fef864b409dd8) Importer(815301076,1909f56bfc062723c751e8b465ee728b)
Start importing Assets/art and everything nice/Tilesets/Icon.png using Guid(1051e861c90e41746a0fef864b409dd8) Importer(815301076,1909f56bfc062723c751e8b465ee728b) (PreviewImporter) -> (artifact id: '33830cf54dff73e5cdaf505bac98b2e1') in 0.0274032 seconds
Number of updated asset objects reloaded before import = 0Number of asset objects unloaded after import = 3

========================================================================
Received Import Request.
  Time since last request: 6.535385 seconds.
  path: Assets/art and everything nice/Tilesets/Laptop World.prefab
  artifactKey: Guid(57b5b3b813121c44ab4543d3ed64f447) Importer(815301076,1909f56bfc062723c751e8b465ee728b)
Start importing Assets/art and everything nice/Tilesets/Laptop World.prefab using Guid(57b5b3b813121c44ab4543d3ed64f447) Importer(815301076,1909f56bfc062723c751e8b465ee728b) (PreviewImporter) -> (artifact id: 'f12b423776b2f8a97b7570a8012b0d4e') in 0.5506223 seconds
Number of updated asset objects reloaded before import = 0Number of asset objects unloaded after import = 85

========================================================================
Received Import Request.
  Time since last request: 0.000046 seconds.
  path: Assets/art and everything nice/Tilesets/Tiles_33.asset
  artifactKey: Guid(05fd2c039674c7d4e84e3970631e6e47) Importer(815301076,1909f56bfc062723c751e8b465ee728b)
Start importing Assets/art and everything nice/Tilesets/Tiles_33.asset using Guid(05fd2c039674c7d4e84e3970631e6e47) Importer(815301076,1909f56bfc062723c751e8b465ee728b) (PreviewImporter) -> (artifact id: 'b7d10d92d05edcbbb2e18808d33cbc89') in 0.0234258 seconds
Number of updated asset objects reloaded before import = 0Number of asset objects unloaded after import = 3

========================================================================
Received Import Request.
  Time since last request: 0.000033 seconds.
  path: Assets/art and everything nice/Tilesets/Tiles_23.asset
  artifactKey: Guid(f3975d13d13a5ae4bad9126a811d1956) Importer(815301076,1909f56bfc062723c751e8b465ee728b)
Start importing Assets/art and everything nice/Tilesets/Tiles_23.asset using Guid(f3975d13d13a5ae4bad9126a811d1956) Importer(815301076,1909f56bfc062723c751e8b465ee728b) (PreviewImporter) -> (artifact id: 'bba7368b1d4e563d7a5621f9aae77842') in 0.0206031 seconds
Number of updated asset objects reloaded before import = 0Number of asset objects unloaded after import = 3

========================================================================
Received Import Request.
  Time since last request: 0.000023 seconds.
  path: Assets/art and everything nice/Tilesets/Tiles_10.asset
  artifactKey: Guid(a406052876e4201448103306ffa47c66) Importer(815301076,1909f56bfc062723c751e8b465ee728b)
Start importing Assets/art and everything nice/Tilesets/Tiles_10.asset using Guid(a406052876e4201448103306ffa47c66) Importer(815301076,1909f56bfc062723c751e8b465ee728b) (PreviewImporter) -> (artifact id: '050225df62154a0b03a7f7ebecb4f305') in 0.0160707 seconds
Number of updated asset objects reloaded before import = 0Number of asset objects unloaded after import = 3

========================================================================
Received Import Request.
  Time since last request: 0.000022 seconds.
  path: Assets/art and everything nice/Tilesets/Tiles_28.asset
  artifactKey: Guid(1cf693bf81543824fb873d105b938601) Importer(815301076,1909f56bfc062723c751e8b465ee728b)
Start importing Assets/art and everything nice/Tilesets/Tiles_28.asset using Guid(1cf693bf81543824fb873d105b938601) Importer(815301076,1909f56bfc062723c751e8b465ee728b) (PreviewImporter) -> (artifact id: '0071ac598edf981095fb9ef3b930d43e') in 0.0149393 seconds
Number of updated asset objects reloaded before import = 0Number of asset objects unloaded after import = 3

========================================================================
Received Import Request.
  Time since last request: 0.000024 seconds.
  path: Assets/art and everything nice/Tilesets/Tiles_17.asset
  artifactKey: Guid(05b1b688fd0ae7b46bb1385c2f633fae) Importer(815301076,1909f56bfc062723c751e8b465ee728b)
Start importing Assets/art and everything nice/Tilesets/Tiles_17.asset using Guid(05b1b688fd0ae7b46bb1385c2f633fae) Importer(815301076,1909f56bfc062723c751e8b465ee728b) (PreviewImporter) -> (artifact id: '508e3c961f32fd3acc037e4eabd70c60') in 0.0171715 seconds
Number of updated asset objects reloaded before import = 0Number of asset objects unloaded after import = 3

========================================================================
Received Import Request.
  Time since last request: 0.000025 seconds.
  path: Assets/art and everything nice/Tilesets/Tiles_2.asset
  artifactKey: Guid(702d5bfd8be329945842bc49362ebcdc) Importer(815301076,1909f56bfc062723c751e8b465ee728b)
Start importing Assets/art and everything nice/Tilesets/Tiles_2.asset using Guid(702d5bfd8be329945842bc49362ebcdc) Importer(815301076,1909f56bfc062723c751e8b465ee728b) (PreviewImporter) -> (artifact id: 'dd9774d65c05a7b4c92511134c879189') in 0.0149293 seconds
Number of updated asset objects reloaded before import = 0Number of asset objects unloaded after import = 3

========================================================================
Received Import Request.
  Time since last request: 0.000043 seconds.
  path: Assets/art and everything nice/Tilesets/Tiles_9.asset
  artifactKey: Guid(9591309431a115541af893c79ec47130) Importer(815301076,1909f56bfc062723c751e8b465ee728b)
Start importing Assets/art and everything nice/Tilesets/Tiles_9.asset using Guid(9591309431a115541af893c79ec47130) Importer(815301076,1909f56bfc062723c751e8b465ee728b) (PreviewImporter) -> (artifact id: '36597c3308c3b97d303aaa65b6d9304c') in 0.0160599 seconds
Number of updated asset objects reloaded before import = 0Number of asset objects unloaded after import = 3

========================================================================
Received Import Request.
  Time since last request: 0.000022 seconds.
  path: Assets/art and everything nice/Tilesets/Tiles_13.asset
  artifactKey: Guid(a4d847b50ce1bec4b8b38bd3484fbb62) Importer(815301076,1909f56bfc062723c751e8b465ee728b)
Start importing Assets/art and everything nice/Tilesets/Tiles_13.asset using Guid(a4d847b50ce1bec4b8b38bd3484fbb62) Importer(815301076,1909f56bfc062723c751e8b465ee728b) (PreviewImporter) -> (artifact id: '8bb9cf96cf2e7c311f7438a2d0b654fc') in 0.0176374 seconds
Number of updated asset objects reloaded before import = 0Number of asset objects unloaded after import = 3

========================================================================
Received Import Request.
  Time since last request: 0.000024 seconds.
  path: Assets/art and everything nice/Tilesets/Tiles_34.asset
  artifactKey: Guid(eb67edd193a54194385f5070290009fd) Importer(815301076,1909f56bfc062723c751e8b465ee728b)
Start importing Assets/art and everything nice/Tilesets/Tiles_34.asset using Guid(eb67edd193a54194385f5070290009fd) Importer(815301076,1909f56bfc062723c751e8b465ee728b) (PreviewImporter) -> (artifact id: '8ad04a447060f813354880830185d7c8') in 0.0172374 seconds
Number of updated asset objects reloaded before import = 0Number of asset objects unloaded after import = 3

========================================================================
Received Import Request.
  Time since last request: 0.000021 seconds.
  path: Assets/art and everything nice/Tilesets/Tiles_5.asset
  artifactKey: Guid(9ea1b88a46002a442a09de4bb5e8b313) Importer(815301076,1909f56bfc062723c751e8b465ee728b)
Start importing Assets/art and everything nice/Tilesets/Tiles_5.asset using Guid(9ea1b88a46002a442a09de4bb5e8b313) Importer(815301076,1909f56bfc062723c751e8b465ee728b) (PreviewImporter) -> (artifact id: '5384977990d8a669a77e160c45bad793') in 0.016642 seconds
Number of updated asset objects reloaded before import = 0Number of asset objects unloaded after import = 3

========================================================================
Received Import Request.
  Time since last request: 0.000027 seconds.
  path: Assets/art and everything nice/Tilesets/Tiles_30.asset
  artifactKey: Guid(7db41bcc5b0ea3f4184a27328040c1ee) Importer(815301076,1909f56bfc062723c751e8b465ee728b)
Start importing Assets/art and everything nice/Tilesets/Tiles_30.asset using Guid(7db41bcc5b0ea3f4184a27328040c1ee) Importer(815301076,1909f56bfc062723c751e8b465ee728b) (PreviewImporter) -> (artifact id: 'a3a5a40378392572f7770220ee8cd0b0') in 0.0162287 seconds
Number of updated asset objects reloaded before import = 0Number of asset objects unloaded after import = 3

========================================================================
Received Import Request.
  Time since last request: 0.000035 seconds.
  path: Assets/art and everything nice/Tilesets/Tiles_26.asset
  artifactKey: Guid(26eabb0f8a790bd428c5281602b2805a) Importer(815301076,1909f56bfc062723c751e8b465ee728b)
Start importing Assets/art and everything nice/Tilesets/Tiles_26.asset using Guid(26eabb0f8a790bd428c5281602b2805a) Importer(815301076,1909f56bfc062723c751e8b465ee728b) (PreviewImporter) -> (artifact id: '1569a06c923e4a7cc6ba5f8cb020b055') in 0.0170399 seconds
Number of updated asset objects reloaded before import = 0Number of asset objects unloaded after import = 3

========================================================================
Received Import Request.
  Time since last request: 0.000022 seconds.
  path: Assets/art and everything nice/Tilesets/Tiles_20.asset
  artifactKey: Guid(d30fef983223e3148a3ed89f02a42441) Importer(815301076,1909f56bfc062723c751e8b465ee728b)
Start importing Assets/art and everything nice/Tilesets/Tiles_20.asset using Guid(d30fef983223e3148a3ed89f02a42441) Importer(815301076,1909f56bfc062723c751e8b465ee728b) (PreviewImporter) -> (artifact id: 'aaef6bc7cec3170a44c893fad84a76a3') in 0.0166049 seconds
Number of updated asset objects reloaded before import = 0Number of asset objects unloaded after import = 3

========================================================================
Received Import Request.
  Time since last request: 0.000021 seconds.
  path: Assets/art and everything nice/Tilesets/Tiles_27.asset
  artifactKey: Guid(1f12a6f572b06c84899b60d00f116616) Importer(815301076,1909f56bfc062723c751e8b465ee728b)
Start importing Assets/art and everything nice/Tilesets/Tiles_27.asset using Guid(1f12a6f572b06c84899b60d00f116616) Importer(815301076,1909f56bfc062723c751e8b465ee728b) (PreviewImporter) -> (artifact id: '8cf9ee0cf8b21fd4307922f8d24898dc') in 0.0172642 seconds
Number of updated asset objects reloaded before import = 0Number of asset objects unloaded after import = 3

========================================================================
Received Import Request.
  Time since last request: 8.233982 seconds.
  path: Assets/art and everything nice/Tilesets/Laptop World.prefab
  artifactKey: Guid(57b5b3b813121c44ab4543d3ed64f447) Importer(815301076,1909f56bfc062723c751e8b465ee728b)
Start importing Assets/art and everything nice/Tilesets/Laptop World.prefab using Guid(57b5b3b813121c44ab4543d3ed64f447) Importer(815301076,1909f56bfc062723c751e8b465ee728b) (PreviewImporter) -> (artifact id: '16ac1765c22a2958c820204872641e33') in 0.0288998 seconds
Number of updated asset objects reloaded before import = 0Number of asset objects unloaded after import = 85

========================================================================
Received Import Request.
  Time since last request: 11.265994 seconds.
  path: Assets/art and everything nice/Tilesets/Tiles.png
  artifactKey: Guid(01e708e737b714f4bbc8d0ed28089126) Importer(815301076,1909f56bfc062723c751e8b465ee728b)
Start importing Assets/art and everything nice/Tilesets/Tiles.png using Guid(01e708e737b714f4bbc8d0ed28089126) Importer(815301076,1909f56bfc062723c751e8b465ee728b) (PreviewImporter) -> (artifact id: 'fbcb169db1c32475a8cb2cb125aba3b4') in 0.2742663 seconds
Number of updated asset objects reloaded before import = 0Number of asset objects unloaded after import = 39

========================================================================
Received Import Request.
  Time since last request: 0.000025 seconds.
  path: Assets/art and everything nice/Tilesets/Tiles_3.asset
  artifactKey: Guid(3674cc82aff2c1a42824f828d9f9e9b7) Importer(815301076,1909f56bfc062723c751e8b465ee728b)
Start importing Assets/art and everything nice/Tilesets/Tiles_3.asset using Guid(3674cc82aff2c1a42824f828d9f9e9b7) Importer(815301076,1909f56bfc062723c751e8b465ee728b) (PreviewImporter) -> (artifact id: '86aa0986f7a6f5775af02988d237914a') in 0.0182679 seconds
Number of updated asset objects reloaded before import = 0Number of asset objects unloaded after import = 3

========================================================================
Received Import Request.
  Time since last request: 0.000044 seconds.
  path: Assets/art and everything nice/Tilesets/Tiles_29.asset
  artifactKey: Guid(5183c4def9752e446a3521055318c841) Importer(815301076,1909f56bfc062723c751e8b465ee728b)
Start importing Assets/art and everything nice/Tilesets/Tiles_29.asset using Guid(5183c4def9752e446a3521055318c841) Importer(815301076,1909f56bfc062723c751e8b465ee728b) (PreviewImporter) -> (artifact id: '2ff72a9916729aaeae25d563ad71de2f') in 0.0166423 seconds
Number of updated asset objects reloaded before import = 0Number of asset objects unloaded after import = 3

========================================================================
Received Import Request.
  Time since last request: 0.000024 seconds.
  path: Assets/art and everything nice/Tilesets/Tiles_18.asset
  artifactKey: Guid(f9147a9d330dea34aa417fc3d96c35c1) Importer(815301076,1909f56bfc062723c751e8b465ee728b)
Start importing Assets/art and everything nice/Tilesets/Tiles_18.asset using Guid(f9147a9d330dea34aa417fc3d96c35c1) Importer(815301076,1909f56bfc062723c751e8b465ee728b) (PreviewImporter) -> (artifact id: 'c4428e724d4ca2d1f3a7c6674f0941a3') in 0.0174024 seconds
Number of updated asset objects reloaded before import = 0Number of asset objects unloaded after import = 3

========================================================================
Received Import Request.
  Time since last request: 0.000023 seconds.
  path: Assets/art and everything nice/Tilesets/Tiles_23.asset
  artifactKey: Guid(f3975d13d13a5ae4bad9126a811d1956) Importer(815301076,1909f56bfc062723c751e8b465ee728b)
Start importing Assets/art and everything nice/Tilesets/Tiles_23.asset using Guid(f3975d13d13a5ae4bad9126a811d1956) Importer(815301076,1909f56bfc062723c751e8b465ee728b) (PreviewImporter) -> (artifact id: '7a9833876aa4a715b9afb1bf3c494fc0') in 0.0161507 seconds
Number of updated asset objects reloaded before import = 0Number of asset objects unloaded after import = 3

========================================================================
Received Import Request.
  Time since last request: 0.000022 seconds.
  path: Assets/art and everything nice/Tilesets/Tiles_24.asset
  artifactKey: Guid(acfea3f997939b64bad98f2edfbd7211) Importer(815301076,1909f56bfc062723c751e8b465ee728b)
Start importing Assets/art and everything nice/Tilesets/Tiles_24.asset using Guid(acfea3f997939b64bad98f2edfbd7211) Importer(815301076,1909f56bfc062723c751e8b465ee728b) (PreviewImporter) -> (artifact id: 'e4f187e6debdeddabe7180a662ffed40') in 0.01831 seconds
Number of updated asset objects reloaded before import = 0Number of asset objects unloaded after import = 3

========================================================================
Received Import Request.
  Time since last request: 0.000031 seconds.
  path: Assets/art and everything nice/Tilesets/Tiles_28.asset
  artifactKey: Guid(1cf693bf81543824fb873d105b938601) Importer(815301076,1909f56bfc062723c751e8b465ee728b)
Start importing Assets/art and everything nice/Tilesets/Tiles_28.asset using Guid(1cf693bf81543824fb873d105b938601) Importer(815301076,1909f56bfc062723c751e8b465ee728b) (PreviewImporter) -> (artifact id: 'd1b51b01e7314145e903fabe08d93066') in 0.0160702 seconds
Number of updated asset objects reloaded before import = 0Number of asset objects unloaded after import = 3

========================================================================
Received Import Request.
  Time since last request: 0.000034 seconds.
  path: Assets/art and everything nice/Tilesets/Tiles_22.asset
  artifactKey: Guid(19c2245d01500fe45833ab478824bc35) Importer(815301076,1909f56bfc062723c751e8b465ee728b)
Start importing Assets/art and everything nice/Tilesets/Tiles_22.asset using Guid(19c2245d01500fe45833ab478824bc35) Importer(815301076,1909f56bfc062723c751e8b465ee728b) (PreviewImporter) -> (artifact id: '24cecde7bd698279b3ef54d37a31fff5') in 0.0164239 seconds
Number of updated asset objects reloaded before import = 0Number of asset objects unloaded after import = 3

========================================================================
Received Import Request.
  Time since last request: 0.000024 seconds.
  path: Assets/art and everything nice/Tilesets/Tiles_14.asset
  artifactKey: Guid(929102a9a9d949841a24aaf21a57c782) Importer(815301076,1909f56bfc062723c751e8b465ee728b)
Start importing Assets/art and everything nice/Tilesets/Tiles_14.asset using Guid(929102a9a9d949841a24aaf21a57c782) Importer(815301076,1909f56bfc062723c751e8b465ee728b) (PreviewImporter) -> (artifact id: '35872df7a2cf2bff7374b6fda7a6c318') in 0.0192914 seconds
Number of updated asset objects reloaded before import = 0Number of asset objects unloaded after import = 3

========================================================================
Received Import Request.
  Time since last request: 0.000024 seconds.
  path: Assets/art and everything nice/Tilesets/Tiles_25.asset
  artifactKey: Guid(a83ea221a81ecd74c99a311377becad2) Importer(815301076,1909f56bfc062723c751e8b465ee728b)
Start importing Assets/art and everything nice/Tilesets/Tiles_25.asset using Guid(a83ea221a81ecd74c99a311377becad2) Importer(815301076,1909f56bfc062723c751e8b465ee728b) (PreviewImporter) -> (artifact id: '1111db1c17148ffed26b05dd7f5f0da4') in 0.0157877 seconds
Number of updated asset objects reloaded before import = 0Number of asset objects unloaded after import = 3

========================================================================
Received Import Request.
  Time since last request: 0.000024 seconds.
  path: Assets/art and everything nice/Tilesets/Tiles_8.asset
  artifactKey: Guid(1b304e68137e8b64b872d3b146dabf0d) Importer(815301076,1909f56bfc062723c751e8b465ee728b)
Start importing Assets/art and everything nice/Tilesets/Tiles_8.asset using Guid(1b304e68137e8b64b872d3b146dabf0d) Importer(815301076,1909f56bfc062723c751e8b465ee728b) (PreviewImporter) -> (artifact id: '6c372b7abb7bfaf9b04121525c523ee3') in 0.0180738 seconds
Number of updated asset objects reloaded before import = 0Number of asset objects unloaded after import = 3

========================================================================
Received Import Request.
  Time since last request: 0.000027 seconds.
  path: Assets/art and everything nice/Tilesets/Tiles_30.asset
  artifactKey: Guid(7db41bcc5b0ea3f4184a27328040c1ee) Importer(815301076,1909f56bfc062723c751e8b465ee728b)
Start importing Assets/art and everything nice/Tilesets/Tiles_30.asset using Guid(7db41bcc5b0ea3f4184a27328040c1ee) Importer(815301076,1909f56bfc062723c751e8b465ee728b) (PreviewImporter) -> (artifact id: 'fcaaef0878cbcc9d6d2880a748c5646a') in 0.0177811 seconds
Number of updated asset objects reloaded before import = 0Number of asset objects unloaded after import = 3

========================================================================
Received Import Request.
  Time since last request: 0.000036 seconds.
  path: Assets/art and everything nice/Tilesets/Tiles_20.asset
  artifactKey: Guid(d30fef983223e3148a3ed89f02a42441) Importer(815301076,1909f56bfc062723c751e8b465ee728b)
Start importing Assets/art and everything nice/Tilesets/Tiles_20.asset using Guid(d30fef983223e3148a3ed89f02a42441) Importer(815301076,1909f56bfc062723c751e8b465ee728b) (PreviewImporter) -> (artifact id: '1d76f4a9efbfb2707b477b66c7f64b14') in 0.0197343 seconds
Number of updated asset objects reloaded before import = 0Number of asset objects unloaded after import = 3

========================================================================
Received Import Request.
  Time since last request: 0.000025 seconds.
  path: Assets/art and everything nice/Tilesets/Tiles_12.asset
  artifactKey: Guid(54e2b97d2bce6324a92e6e09f3915329) Importer(815301076,1909f56bfc062723c751e8b465ee728b)
Start importing Assets/art and everything nice/Tilesets/Tiles_12.asset using Guid(54e2b97d2bce6324a92e6e09f3915329) Importer(815301076,1909f56bfc062723c751e8b465ee728b) (PreviewImporter) -> (artifact id: 'ba5a38c8020853838b5fbf9b0a33d022') in 0.0172211 seconds
Number of updated asset objects reloaded before import = 0Number of asset objects unloaded after import = 3

========================================================================
Received Import Request.
  Time since last request: 10.857528 seconds.
  path: Assets/art and everything nice/Tilesets/Laptop World.prefab
  artifactKey: Guid(57b5b3b813121c44ab4543d3ed64f447) Importer(815301076,1909f56bfc062723c751e8b465ee728b)
Start importing Assets/art and everything nice/Tilesets/Laptop World.prefab using Guid(57b5b3b813121c44ab4543d3ed64f447) Importer(815301076,1909f56bfc062723c751e8b465ee728b) (PreviewImporter) -> (artifact id: '1814975c24fa617fae7ac4f7c0dcf3e7') in 0.0300034 seconds
Number of updated asset objects reloaded before import = 0Number of asset objects unloaded after import = 85

========================================================================
Received Import Request.
  Time since last request: 0.000038 seconds.
  path: Assets/art and everything nice/Tilesets/Tiles_1.asset
  artifactKey: Guid(f197246798eb4b14eabf2bcf39c75370) Importer(815301076,1909f56bfc062723c751e8b465ee728b)
Start importing Assets/art and everything nice/Tilesets/Tiles_1.asset using Guid(f197246798eb4b14eabf2bcf39c75370) Importer(815301076,1909f56bfc062723c751e8b465ee728b) (PreviewImporter) -> (artifact id: '774b47e9dea73960772d561182fe6938') in 0.0352419 seconds
Number of updated asset objects reloaded before import = 0Number of asset objects unloaded after import = 3

========================================================================
Received Import Request.
  Time since last request: 0.000031 seconds.
  path: Assets/art and everything nice/Tilesets/Tiles_3.asset
  artifactKey: Guid(3674cc82aff2c1a42824f828d9f9e9b7) Importer(815301076,1909f56bfc062723c751e8b465ee728b)
Start importing Assets/art and everything nice/Tilesets/Tiles_3.asset using Guid(3674cc82aff2c1a42824f828d9f9e9b7) Importer(815301076,1909f56bfc062723c751e8b465ee728b) (PreviewImporter) -> (artifact id: 'ed289fcc38274eef08f491c597310c17') in 0.0164663 seconds
Number of updated asset objects reloaded before import = 0Number of asset objects unloaded after import = 3

========================================================================
Received Import Request.
  Time since last request: 0.000037 seconds.
  path: Assets/art and everything nice/Tilesets/Tiles_29.asset
  artifactKey: Guid(5183c4def9752e446a3521055318c841) Importer(815301076,1909f56bfc062723c751e8b465ee728b)
Start importing Assets/art and everything nice/Tilesets/Tiles_29.asset using Guid(5183c4def9752e446a3521055318c841) Importer(815301076,1909f56bfc062723c751e8b465ee728b) (PreviewImporter) -> (artifact id: 'c1ccd09999a80bff0b7e8a48e7cdcf9e') in 0.0079081 seconds
Number of updated asset objects reloaded before import = 0Number of asset objects unloaded after import = 3

========================================================================
Received Import Request.
  Time since last request: 0.000028 seconds.
  path: Assets/art and everything nice/Tilesets/Tiles_18.asset
  artifactKey: Guid(f9147a9d330dea34aa417fc3d96c35c1) Importer(815301076,1909f56bfc062723c751e8b465ee728b)
Start importing Assets/art and everything nice/Tilesets/Tiles_18.asset using Guid(f9147a9d330dea34aa417fc3d96c35c1) Importer(815301076,1909f56bfc062723c751e8b465ee728b) (PreviewImporter) -> (artifact id: '6c99d0890ce843ba230144a1b1e6016a') in 0.0085166 seconds
Number of updated asset objects reloaded before import = 0Number of asset objects unloaded after import = 3

========================================================================
Received Import Request.
  Time since last request: 0.000025 seconds.
  path: Assets/art and everything nice/Tilesets/Tiles_6.asset
  artifactKey: Guid(a506e87c700fa0f4292864d0974ec5df) Importer(815301076,1909f56bfc062723c751e8b465ee728b)
Start importing Assets/art and everything nice/Tilesets/Tiles_6.asset using Guid(a506e87c700fa0f4292864d0974ec5df) Importer(815301076,1909f56bfc062723c751e8b465ee728b) (PreviewImporter) -> (artifact id: 'acdaeaed53396ac14608b0dcd269ba59') in 0.0081203 seconds
Number of updated asset objects reloaded before import = 0Number of asset objects unloaded after import = 3

========================================================================
Received Import Request.
  Time since last request: 0.000027 seconds.
  path: Assets/art and everything nice/Tilesets/Tiles_23.asset
  artifactKey: Guid(f3975d13d13a5ae4bad9126a811d1956) Importer(815301076,1909f56bfc062723c751e8b465ee728b)
Start importing Assets/art and everything nice/Tilesets/Tiles_23.asset using Guid(f3975d13d13a5ae4bad9126a811d1956) Importer(815301076,1909f56bfc062723c751e8b465ee728b) (PreviewImporter) -> (artifact id: '104fda0849dcc9c7d438fc96efbb9ef8') in 0.0081535 seconds
Number of updated asset objects reloaded before import = 0Number of asset objects unloaded after import = 3

========================================================================
Received Import Request.
  Time since last request: 0.000027 seconds.
  path: Assets/art and everything nice/Tilesets/Tiles_24.asset
  artifactKey: Guid(acfea3f997939b64bad98f2edfbd7211) Importer(815301076,1909f56bfc062723c751e8b465ee728b)
Start importing Assets/art and everything nice/Tilesets/Tiles_24.asset using Guid(acfea3f997939b64bad98f2edfbd7211) Importer(815301076,1909f56bfc062723c751e8b465ee728b) (PreviewImporter) -> (artifact id: '5192540f9e25689187b48aca35299f2a') in 0.0088225 seconds
Number of updated asset objects reloaded before import = 0Number of asset objects unloaded after import = 3

========================================================================
Received Import Request.
  Time since last request: 0.000040 seconds.
  path: Assets/art and everything nice/Tilesets/Tiles_28.asset
  artifactKey: Guid(1cf693bf81543824fb873d105b938601) Importer(815301076,1909f56bfc062723c751e8b465ee728b)
Start importing Assets/art and everything nice/Tilesets/Tiles_28.asset using Guid(1cf693bf81543824fb873d105b938601) Importer(815301076,1909f56bfc062723c751e8b465ee728b) (PreviewImporter) -> (artifact id: '32ac33ed1474d674dbd404cc555dca13') in 0.0086534 seconds
Number of updated asset objects reloaded before import = 0Number of asset objects unloaded after import = 3

========================================================================
Received Import Request.
  Time since last request: 0.000025 seconds.
  path: Assets/art and everything nice/Tilesets/Tiles_22.asset
  artifactKey: Guid(19c2245d01500fe45833ab478824bc35) Importer(815301076,1909f56bfc062723c751e8b465ee728b)
Start importing Assets/art and everything nice/Tilesets/Tiles_22.asset using Guid(19c2245d01500fe45833ab478824bc35) Importer(815301076,1909f56bfc062723c751e8b465ee728b) (PreviewImporter) -> (artifact id: '653b6354ba302dfa4674d5358844402c') in 0.0080322 seconds
Number of updated asset objects reloaded before import = 0Number of asset objects unloaded after import = 3

========================================================================
Received Import Request.
  Time since last request: 0.000024 seconds.
  path: Assets/art and everything nice/Tilesets/Tiles_2.asset
  artifactKey: Guid(702d5bfd8be329945842bc49362ebcdc) Importer(815301076,1909f56bfc062723c751e8b465ee728b)
Start importing Assets/art and everything nice/Tilesets/Tiles_2.asset using Guid(702d5bfd8be329945842bc49362ebcdc) Importer(815301076,1909f56bfc062723c751e8b465ee728b) (PreviewImporter) -> (artifact id: '3e1a717709ca39f7f11807757184c14a') in 0.0163177 seconds
Number of updated asset objects reloaded before import = 0Number of asset objects unloaded after import = 3

========================================================================
Received Import Request.
  Time since last request: 0.000023 seconds.
  path: Assets/art and everything nice/Tilesets/Tiles_9.asset
  artifactKey: Guid(9591309431a115541af893c79ec47130) Importer(815301076,1909f56bfc062723c751e8b465ee728b)
Start importing Assets/art and everything nice/Tilesets/Tiles_9.asset using Guid(9591309431a115541af893c79ec47130) Importer(815301076,1909f56bfc062723c751e8b465ee728b) (PreviewImporter) -> (artifact id: '257d3832fa62016c161124568347bbc3') in 0.0073984 seconds
Number of updated asset objects reloaded before import = 0Number of asset objects unloaded after import = 3

========================================================================
Received Import Request.
  Time since last request: 0.000030 seconds.
  path: Assets/art and everything nice/Tilesets/Tiles_25.asset
  artifactKey: Guid(a83ea221a81ecd74c99a311377becad2) Importer(815301076,1909f56bfc062723c751e8b465ee728b)
Start importing Assets/art and everything nice/Tilesets/Tiles_25.asset using Guid(a83ea221a81ecd74c99a311377becad2) Importer(815301076,1909f56bfc062723c751e8b465ee728b) (PreviewImporter) -> (artifact id: 'aec4db199db5b20bfd1746dba0c1f00b') in 0.0076212 seconds
Number of updated asset objects reloaded before import = 0Number of asset objects unloaded after import = 3

========================================================================
Received Import Request.
  Time since last request: 0.000042 seconds.
  path: Assets/art and everything nice/Tilesets/Tiles_4.asset
  artifactKey: Guid(5f6b6b004e1a7064f903c850999d2208) Importer(815301076,1909f56bfc062723c751e8b465ee728b)
Start importing Assets/art and everything nice/Tilesets/Tiles_4.asset using Guid(5f6b6b004e1a7064f903c850999d2208) Importer(815301076,1909f56bfc062723c751e8b465ee728b) (PreviewImporter) -> (artifact id: '1c839bb059d5a1126b7286140bb1164a') in 0.0090079 seconds
Number of updated asset objects reloaded before import = 0Number of asset objects unloaded after import = 3

========================================================================
Received Import Request.
  Time since last request: 0.000023 seconds.
  path: Assets/art and everything nice/Tilesets/Tiles_8.asset
  artifactKey: Guid(1b304e68137e8b64b872d3b146dabf0d) Importer(815301076,1909f56bfc062723c751e8b465ee728b)
Start importing Assets/art and everything nice/Tilesets/Tiles_8.asset using Guid(1b304e68137e8b64b872d3b146dabf0d) Importer(815301076,1909f56bfc062723c751e8b465ee728b) (PreviewImporter) -> (artifact id: 'd91e403a6960e20f3326e9bbc7097134') in 0.0080971 seconds
Number of updated asset objects reloaded before import = 0Number of asset objects unloaded after import = 3

========================================================================
Received Import Request.
  Time since last request: 0.000029 seconds.
  path: Assets/art and everything nice/Tilesets/Tiles_15.asset
  artifactKey: Guid(ca3ef24c55512b9408cda41b7130ed97) Importer(815301076,1909f56bfc062723c751e8b465ee728b)
Start importing Assets/art and everything nice/Tilesets/Tiles_15.asset using Guid(ca3ef24c55512b9408cda41b7130ed97) Importer(815301076,1909f56bfc062723c751e8b465ee728b) (PreviewImporter) -> (artifact id: 'bc8a8cb9c13ca4fd7f5c08a9bdd88972') in 0.0074446 seconds
Number of updated asset objects reloaded before import = 0Number of asset objects unloaded after import = 3

========================================================================
Received Import Request.
  Time since last request: 0.000023 seconds.
  path: Assets/art and everything nice/Tilesets/Tiles_26.asset
  artifactKey: Guid(26eabb0f8a790bd428c5281602b2805a) Importer(815301076,1909f56bfc062723c751e8b465ee728b)
Start importing Assets/art and everything nice/Tilesets/Tiles_26.asset using Guid(26eabb0f8a790bd428c5281602b2805a) Importer(815301076,1909f56bfc062723c751e8b465ee728b) (PreviewImporter) -> (artifact id: '26a9633347f42cf3ae0612027d14e00a') in 0.0159993 seconds
Number of updated asset objects reloaded before import = 0Number of asset objects unloaded after import = 3

========================================================================
Received Import Request.
  Time since last request: 0.000027 seconds.
  path: Assets/art and everything nice/Tilesets/Tiles_27.asset
  artifactKey: Guid(1f12a6f572b06c84899b60d00f116616) Importer(815301076,1909f56bfc062723c751e8b465ee728b)
Start importing Assets/art and everything nice/Tilesets/Tiles_27.asset using Guid(1f12a6f572b06c84899b60d00f116616) Importer(815301076,1909f56bfc062723c751e8b465ee728b) (PreviewImporter) -> (artifact id: 'e52564ba82e87cd8c82932d502387faa') in 0.0078285 seconds
Number of updated asset objects reloaded before import = 0Number of asset objects unloaded after import = 3

========================================================================
Received Import Request.
  Time since last request: 6.498668 seconds.
  path: Assets/art and everything nice/Tilesets/Laptop World.prefab
  artifactKey: Guid(57b5b3b813121c44ab4543d3ed64f447) Importer(815301076,1909f56bfc062723c751e8b465ee728b)
Start importing Assets/art and everything nice/Tilesets/Laptop World.prefab using Guid(57b5b3b813121c44ab4543d3ed64f447) Importer(815301076,1909f56bfc062723c751e8b465ee728b) (PreviewImporter) -> (artifact id: '1684b836b7b123fbb459ee16aa1e7bd3') in 0.0926017 seconds
Number of updated asset objects reloaded before import = 0Number of asset objects unloaded after import = 537

Editor requested this worker to shutdown with reason: Scaling down because of idle timeout
AssetImportWorker is now disconnected from the server
Process exiting
Exiting without the bug reporter. Application will terminate with return code 0