Using pre-set license
Built from '6000.1/staging' branch; Version is '6000.1.3f1 (f34db9734971) revision 15945145'; Using compiler version '194234433'; Build Type 'Release'
OS: 'Windows 10  (10.0.19045) 64bit CoreSingleLanguage' Language: 'en' Physical Memory: 32616 MB
BatchMode: 1, IsHumanControllingUs: 0, StartBugReporterOnCrash: 0, Is64bit: 1, IsPro: 1
Date: 2025-08-07T12:33:24Z

COMMAND LINE ARGUMENTS:
C:\Program Files\Unity\Hub\Editor\6000.1.3f1\Editor\Unity.exe
-adb2
-batchMode
-noUpm
-name
AssetImportWorker6
-projectPath
D:/[PROGRAMMING]/[GITHUB]/Cat-erpilar-Jump-Jump
-logFile
Logs/AssetImportWorker6.log
-srvPort
50640
-job-worker-count
7
-background-job-worker-count
8
-gc-helper-count
1
-name
AssetImport
Successfully changed project path to: D:/[PROGRAMMING]/[GITHUB]/Cat-erpilar-Jump-Jump
D:/[PROGRAMMING]/[GITHUB]/Cat-erpilar-Jump-Jump
[UnityMemory] Configuration Parameters - Can be set up in boot.config
    "memorysetup-allocator-temp-initial-block-size-main=262144"
    "memorysetup-allocator-temp-initial-block-size-worker=262144"
    "memorysetup-bucket-allocator-granularity=16"
    "memorysetup-bucket-allocator-bucket-count=8"
    "memorysetup-bucket-allocator-block-size=33554432"
    "memorysetup-bucket-allocator-block-count=8"
    "memorysetup-main-allocator-block-size=16777216"
    "memorysetup-thread-allocator-block-size=16777216"
    "memorysetup-gfx-main-allocator-block-size=16777216"
    "memorysetup-gfx-thread-allocator-block-size=16777216"
    "memorysetup-cache-allocator-block-size=4194304"
    "memorysetup-typetree-allocator-block-size=2097152"
    "memorysetup-profiler-bucket-allocator-granularity=16"
    "memorysetup-profiler-bucket-allocator-bucket-count=8"
    "memorysetup-profiler-bucket-allocator-block-size=33554432"
    "memorysetup-profiler-bucket-allocator-block-count=8"
    "memorysetup-profiler-allocator-block-size=16777216"
    "memorysetup-profiler-editor-allocator-block-size=1048576"
    "memorysetup-temp-allocator-size-main=16777216"
    "memorysetup-job-temp-allocator-block-size=2097152"
    "memorysetup-job-temp-allocator-block-size-background=1048576"
    "memorysetup-job-temp-allocator-reduction-small-platforms=262144"
    "memorysetup-temp-allocator-size-background-worker=32768"
    "memorysetup-temp-allocator-size-job-worker=262144"
    "memorysetup-temp-allocator-size-preload-manager=33554432"
    "memorysetup-temp-allocator-size-nav-mesh-worker=65536"
    "memorysetup-temp-allocator-size-audio-worker=65536"
    "memorysetup-temp-allocator-size-cloud-worker=32768"
    "memorysetup-temp-allocator-size-gi-baking-worker=262144"
    "memorysetup-temp-allocator-size-gi-baking-worker=262144"
    "memorysetup-temp-allocator-size-gi-baking-worker=262144"
    "memorysetup-temp-allocator-size-gi-baking-worker=262144"
    "memorysetup-temp-allocator-size-gi-baking-worker=262144"
    "memorysetup-temp-allocator-size-gfx=262144"
Player connection [28936]  Target information:

Player connection [28936]  * "[IP] 192.168.100.9 [Port] 0 [Flags] 2 [Guid] 2724696605 [EditorId] 2724696605 [Version] 1048832 [Id] WindowsEditor(7,DESKTOP-L3UL4MU) [Debug] 1 [PackageName] WindowsEditor [ProjectName] Editor" 

Player connection [28936] Host joined multi-casting on [225.0.0.222:54997]...
Player connection [28936] Host joined alternative multi-casting on [225.0.0.222:34997]...
JobSystem: Creating JobQueue using job-worker-count value 7
Input System module state changed to: Initialized.
[Physics::Module] Initialized fallback backend.
[Physics::Module] Id: 0xdecafbad
Library Redirect Path: Library/
[Physics::Module] Selected backend.
[Physics::Module] Name: PhysX
[Physics::Module] Id: 0xf2b8ea05
[Physics::Module] SDK Version: 4.1.2
[Physics::Module] Integration Version: 1.0.0
[Physics::Module] Threading Mode: Multi-Threaded
Refreshing native plugins compatible for Editor in 4.89 ms, found 4 plugins.
Preloading 0 native plugins for Editor in 0.00 ms.
Initialize engine version: 6000.1.3f1 (f34db9734971)
[Subsystems] Discovering subsystems at path C:/Program Files/Unity/Hub/Editor/6000.1.3f1/Editor/Data/Resources/UnitySubsystems
[Subsystems] Discovering subsystems at path D:/[PROGRAMMING]/[GITHUB]/Cat-erpilar-Jump-Jump/Assets
GfxDevice: creating device client; kGfxThreadingModeNonThreaded
Direct3D:
    Version:         Direct3D 12 [level 12.1]
    Renderer:        NVIDIA GeForce RTX 3070 Laptop GPU (ID=0x24dd)
    Vendor:          NVIDIA
    VRAM:            8020 MB
    App VRAM Budget: 7252 MB
    Driver:          32.0.15.6641
Initialize mono
Mono path[0] = 'C:/Program Files/Unity/Hub/Editor/6000.1.3f1/Editor/Data/Managed'
Mono path[1] = 'C:/Program Files/Unity/Hub/Editor/6000.1.3f1/Editor/Data/MonoBleedingEdge/lib/mono/unityjit-win32'
Mono config path = 'C:/Program Files/Unity/Hub/Editor/6000.1.3f1/Editor/Data/MonoBleedingEdge/etc'
Using monoOptions --debugger-agent=transport=dt_socket,embedding=1,server=y,suspend=n,address=127.0.0.1:56648
Begin MonoManager ReloadAssembly
Registering precompiled unity dll's ...
Register platform support module: C:/Program Files/Unity/Hub/Editor/6000.1.3f1/Editor/Data/PlaybackEngines/WindowsStandaloneSupport/UnityEditor.WindowsStandalone.Extensions.dll
Registered in 0.002365 seconds.
- Loaded All Assemblies, in  0.411 seconds
Native extension for WindowsStandalone target not found
Mono: successfully reloaded assembly
- Finished resetting the current domain, in  0.356 seconds
Domain Reload Profiling: 764ms
	BeginReloadAssembly (141ms)
		ExecutionOrderSort (0ms)
		DisableScriptedObjects (0ms)
		BackupInstance (0ms)
		ReleaseScriptingObjects (0ms)
		CreateAndSetChildDomain (1ms)
	RebuildCommonClasses (40ms)
	RebuildNativeTypeToScriptingClass (11ms)
	initialDomainReloadingComplete (54ms)
	LoadAllAssembliesAndSetupDomain (161ms)
		LoadAssemblies (136ms)
		RebuildTransferFunctionScriptingTraits (0ms)
		AnalyzeDomain (158ms)
			TypeCache.Refresh (157ms)
				TypeCache.ScanAssembly (144ms)
			BuildScriptInfoCaches (0ms)
			ResolveRequiredComponents (0ms)
	FinalizeReload (356ms)
		ReleaseScriptCaches (0ms)
		RebuildScriptCaches (0ms)
		SetupLoadedEditorAssemblies (309ms)
			LogAssemblyErrors (0ms)
			InitializePlatformSupportModulesInManaged (57ms)
			SetLoadedEditorAssemblies (4ms)
			BeforeProcessingInitializeOnLoad (59ms)
			ProcessInitializeOnLoadAttributes (127ms)
			ProcessInitializeOnLoadMethodAttributes (62ms)
			AfterProcessingInitializeOnLoad (0ms)
			EditorAssembliesLoaded (0ms)
		ExecutionOrderSort2 (0ms)
		AwakeInstancesAfterBackupRestoration (0ms)
========================================================================
Worker process is ready to serve import requests
Import Worker Mode flag is 0x00
Begin MonoManager ReloadAssembly
- Loaded All Assemblies, in  0.861 seconds
Refreshing native plugins compatible for Editor in 1.78 ms, found 4 plugins.
Native extension for WindowsStandalone target not found
Mono: successfully reloaded assembly
- Finished resetting the current domain, in  0.784 seconds
Domain Reload Profiling: 1641ms
	BeginReloadAssembly (201ms)
		ExecutionOrderSort (0ms)
		DisableScriptedObjects (7ms)
		BackupInstance (0ms)
		ReleaseScriptingObjects (0ms)
		CreateAndSetChildDomain (34ms)
	RebuildCommonClasses (41ms)
	RebuildNativeTypeToScriptingClass (17ms)
	initialDomainReloadingComplete (43ms)
	LoadAllAssembliesAndSetupDomain (553ms)
		LoadAssemblies (402ms)
		RebuildTransferFunctionScriptingTraits (0ms)
		AnalyzeDomain (262ms)
			TypeCache.Refresh (193ms)
				TypeCache.ScanAssembly (178ms)
			BuildScriptInfoCaches (56ms)
			ResolveRequiredComponents (11ms)
	FinalizeReload (785ms)
		ReleaseScriptCaches (0ms)
		RebuildScriptCaches (0ms)
		SetupLoadedEditorAssemblies (647ms)
			LogAssemblyErrors (0ms)
			InitializePlatformSupportModulesInManaged (2ms)
			SetLoadedEditorAssemblies (3ms)
			BeforeProcessingInitializeOnLoad (141ms)
			ProcessInitializeOnLoadAttributes (384ms)
			ProcessInitializeOnLoadMethodAttributes (110ms)
			AfterProcessingInitializeOnLoad (7ms)
			EditorAssembliesLoaded (0ms)
		ExecutionOrderSort2 (0ms)
		AwakeInstancesAfterBackupRestoration (6ms)
Launched and connected shader compiler UnityShaderCompiler.exe after 0.01 seconds
Refreshing native plugins compatible for Editor in 1.84 ms, found 4 plugins.
Preloading 0 native plugins for Editor in 0.00 ms.
Unloading 217 Unused Serialized files (Serialized files now loaded: 0)
Unloading 6597 unused Assets / (4.3 MB). Loaded Objects now: 7312.
Memory consumption went from 169.0 MB to 164.7 MB.
Total: 9.367300 ms (FindLiveObjects: 0.667000 ms CreateObjectMapping: 1.006400 ms MarkObjects: 5.500400 ms  DeleteObjects: 2.192200 ms)

========================================================================
Received Import Request.
  Time since last request: 19004.562578 seconds.
  path: Assets/art and everything nice/Tilesets/Icons.png
  artifactKey: Guid(95e5d6e7c99f630419fa1ad6c4b29f38) Importer(815301076,1909f56bfc062723c751e8b465ee728b)
Start importing Assets/art and everything nice/Tilesets/Icons.png using Guid(95e5d6e7c99f630419fa1ad6c4b29f38) Importer(815301076,1909f56bfc062723c751e8b465ee728b) (PreviewImporter) -> (artifact id: 'a7d891f42cd715b82e1bfe5f11870429') in 0.1668514 seconds
Number of updated asset objects reloaded before import = 0Number of asset objects unloaded after import = 9

========================================================================
Received Import Request.
  Time since last request: 0.000033 seconds.
  path: Assets/art and everything nice/Tilesets/Icons_2.asset
  artifactKey: Guid(4cfc2f2e202e5684faa6eef89a5502f1) Importer(815301076,1909f56bfc062723c751e8b465ee728b)
Start importing Assets/art and everything nice/Tilesets/Icons_2.asset using Guid(4cfc2f2e202e5684faa6eef89a5502f1) Importer(815301076,1909f56bfc062723c751e8b465ee728b) (PreviewImporter) -> (artifact id: 'f32f728589d6730421ae0d9719e7aa3a') in 0.0272957 seconds
Number of updated asset objects reloaded before import = 0Number of asset objects unloaded after import = 3

========================================================================
Received Import Request.
  Time since last request: 0.000038 seconds.
  path: Assets/art and everything nice/Tilesets/Icons_5.asset
  artifactKey: Guid(433780f8af790fb428d06af288bab06e) Importer(815301076,1909f56bfc062723c751e8b465ee728b)
Start importing Assets/art and everything nice/Tilesets/Icons_5.asset using Guid(433780f8af790fb428d06af288bab06e) Importer(815301076,1909f56bfc062723c751e8b465ee728b) (PreviewImporter) -> (artifact id: 'fa443e4255cf425384c57447f624b579') in 0.0180883 seconds
Number of updated asset objects reloaded before import = 0Number of asset objects unloaded after import = 3

========================================================================
Received Import Request.
  Time since last request: 0.000020 seconds.
  path: Assets/art and everything nice/Tilesets/Icons_3.asset
  artifactKey: Guid(5e87e54dd845b564d8e6e9ea7d3641b4) Importer(815301076,1909f56bfc062723c751e8b465ee728b)
Start importing Assets/art and everything nice/Tilesets/Icons_3.asset using Guid(5e87e54dd845b564d8e6e9ea7d3641b4) Importer(815301076,1909f56bfc062723c751e8b465ee728b) (PreviewImporter) -> (artifact id: 'f006644238911aa3aab89f296f9d61b5') in 0.0202249 seconds
Number of updated asset objects reloaded before import = 0Number of asset objects unloaded after import = 3

========================================================================
Received Import Request.
  Time since last request: 568.642515 seconds.
  path: Assets/art and everything nice/Tilesets/Laptop.prefab
  artifactKey: Guid(13d748a058bd75d4e8f12afa3a207182) Importer(815301076,1909f56bfc062723c751e8b465ee728b)
Start importing Assets/art and everything nice/Tilesets/Laptop.prefab using Guid(13d748a058bd75d4e8f12afa3a207182) Importer(815301076,1909f56bfc062723c751e8b465ee728b) (PreviewImporter) -> (artifact id: '7b8c9a6c06d5ab051edecf0e28b62c16') in 0.5630081 seconds
Number of updated asset objects reloaded before import = 0Number of asset objects unloaded after import = 552

========================================================================
Received Import Request.
  Time since last request: 21.994005 seconds.
  path: Assets/art and everything nice/Tilesets/Laptop World.prefab
  artifactKey: Guid(57b5b3b813121c44ab4543d3ed64f447) Importer(815301076,1909f56bfc062723c751e8b465ee728b)
Start importing Assets/art and everything nice/Tilesets/Laptop World.prefab using Guid(57b5b3b813121c44ab4543d3ed64f447) Importer(815301076,1909f56bfc062723c751e8b465ee728b) (PreviewImporter) -> (artifact id: 'be97979fa7f695155fc5b0c89139c0d0') in 0.0190512 seconds
Number of updated asset objects reloaded before import = 0Number of asset objects unloaded after import = 10

========================================================================
Received Import Request.
  Time since last request: 13.308606 seconds.
  path: Assets/art and everything nice/Tilesets/Tiles_198.asset
  artifactKey: Guid(355b2fa99f90ed548b14341b1f15bfc0) Importer(815301076,1909f56bfc062723c751e8b465ee728b)
Start importing Assets/art and everything nice/Tilesets/Tiles_198.asset using Guid(355b2fa99f90ed548b14341b1f15bfc0) Importer(815301076,1909f56bfc062723c751e8b465ee728b) (PreviewImporter) -> (artifact id: '3e887482500f9e595c63cd4f88400105') in 0.0140609 seconds
Number of updated asset objects reloaded before import = 0Number of asset objects unloaded after import = 3

========================================================================
Received Import Request.
  Time since last request: 0.000022 seconds.
  path: Assets/art and everything nice/Tilesets/Tiles_205.asset
  artifactKey: Guid(ec0641a3ebe97b34cb007aaf37c06180) Importer(815301076,1909f56bfc062723c751e8b465ee728b)
Start importing Assets/art and everything nice/Tilesets/Tiles_205.asset using Guid(ec0641a3ebe97b34cb007aaf37c06180) Importer(815301076,1909f56bfc062723c751e8b465ee728b) (PreviewImporter) -> (artifact id: '3d76504794181b12195dcffcff36cdc6') in 0.0079873 seconds
Number of updated asset objects reloaded before import = 0Number of asset objects unloaded after import = 3

========================================================================
Received Import Request.
  Time since last request: 0.000055 seconds.
  path: Assets/art and everything nice/Tilesets/Tiles_231.asset
  artifactKey: Guid(f63a18b9e51e80b46adfa3c895d89de4) Importer(815301076,1909f56bfc062723c751e8b465ee728b)
Start importing Assets/art and everything nice/Tilesets/Tiles_231.asset using Guid(f63a18b9e51e80b46adfa3c895d89de4) Importer(815301076,1909f56bfc062723c751e8b465ee728b) (PreviewImporter) -> (artifact id: 'f25ebb6e0e803d3010b284cbda27dd67') in 0.008683 seconds
Number of updated asset objects reloaded before import = 0Number of asset objects unloaded after import = 3

========================================================================
Received Import Request.
  Time since last request: 0.000023 seconds.
  path: Assets/art and everything nice/Tilesets/Tiles_256.asset
  artifactKey: Guid(27e53c5451dacef4e9cf816572187e96) Importer(815301076,1909f56bfc062723c751e8b465ee728b)
Start importing Assets/art and everything nice/Tilesets/Tiles_256.asset using Guid(27e53c5451dacef4e9cf816572187e96) Importer(815301076,1909f56bfc062723c751e8b465ee728b) (PreviewImporter) -> (artifact id: '450accc4a50b08064484773ac1549e97') in 0.0093047 seconds
Number of updated asset objects reloaded before import = 0Number of asset objects unloaded after import = 3

========================================================================
Received Import Request.
  Time since last request: 0.000027 seconds.
  path: Assets/art and everything nice/Tilesets/Tiles_216.asset
  artifactKey: Guid(11bce973641fbab4c9e16c819d9c228f) Importer(815301076,1909f56bfc062723c751e8b465ee728b)
Start importing Assets/art and everything nice/Tilesets/Tiles_216.asset using Guid(11bce973641fbab4c9e16c819d9c228f) Importer(815301076,1909f56bfc062723c751e8b465ee728b) (PreviewImporter) -> (artifact id: 'fa9292a08084192f40206cfda66008ea') in 0.0086539 seconds
Number of updated asset objects reloaded before import = 0Number of asset objects unloaded after import = 3

========================================================================
Received Import Request.
  Time since last request: 0.000039 seconds.
  path: Assets/art and everything nice/Tilesets/Tiles_208.asset
  artifactKey: Guid(f98e32e0dd7b74e479cbd0bd98ead49f) Importer(815301076,1909f56bfc062723c751e8b465ee728b)
Start importing Assets/art and everything nice/Tilesets/Tiles_208.asset using Guid(f98e32e0dd7b74e479cbd0bd98ead49f) Importer(815301076,1909f56bfc062723c751e8b465ee728b) (PreviewImporter) -> (artifact id: '19b638549193ecd16e6109fa4f05f159') in 0.0081449 seconds
Number of updated asset objects reloaded before import = 0Number of asset objects unloaded after import = 3

========================================================================
Received Import Request.
  Time since last request: 0.000025 seconds.
  path: Assets/art and everything nice/Tilesets/Tiles_247.asset
  artifactKey: Guid(0b2a39a9d2385494498ca1823a781567) Importer(815301076,1909f56bfc062723c751e8b465ee728b)
Start importing Assets/art and everything nice/Tilesets/Tiles_247.asset using Guid(0b2a39a9d2385494498ca1823a781567) Importer(815301076,1909f56bfc062723c751e8b465ee728b) (PreviewImporter) -> (artifact id: '6f9c622afd9841fcc76e2c822cce3ff9') in 0.009023 seconds
Number of updated asset objects reloaded before import = 0Number of asset objects unloaded after import = 3

========================================================================
Received Import Request.
  Time since last request: 0.000025 seconds.
  path: Assets/art and everything nice/Tilesets/Tiles_224.asset
  artifactKey: Guid(9ec7cbc0f2c854e42b70e920de036287) Importer(815301076,1909f56bfc062723c751e8b465ee728b)
Start importing Assets/art and everything nice/Tilesets/Tiles_224.asset using Guid(9ec7cbc0f2c854e42b70e920de036287) Importer(815301076,1909f56bfc062723c751e8b465ee728b) (PreviewImporter) -> (artifact id: '6f1bb9f4dd1d8ebf69337b8e6e4138c9') in 0.0095185 seconds
Number of updated asset objects reloaded before import = 0Number of asset objects unloaded after import = 3

========================================================================
Received Import Request.
  Time since last request: 0.000039 seconds.
  path: Assets/art and everything nice/Tilesets/Tiles_252.asset
  artifactKey: Guid(010b11751db65bb43b19df4dd1ccd2e2) Importer(815301076,1909f56bfc062723c751e8b465ee728b)
Start importing Assets/art and everything nice/Tilesets/Tiles_252.asset using Guid(010b11751db65bb43b19df4dd1ccd2e2) Importer(815301076,1909f56bfc062723c751e8b465ee728b) (PreviewImporter) -> (artifact id: 'e29a640b48b8b9026606b9ecb8c1b2eb') in 0.0183409 seconds
Number of updated asset objects reloaded before import = 0Number of asset objects unloaded after import = 3

========================================================================
Received Import Request.
  Time since last request: 0.000051 seconds.
  path: Assets/art and everything nice/Tilesets/Tiles_215.asset
  artifactKey: Guid(e0dca282531e95b43a62f965b66322a9) Importer(815301076,1909f56bfc062723c751e8b465ee728b)
Start importing Assets/art and everything nice/Tilesets/Tiles_215.asset using Guid(e0dca282531e95b43a62f965b66322a9) Importer(815301076,1909f56bfc062723c751e8b465ee728b) (PreviewImporter) -> (artifact id: '71ef686ab524b58a31d48a2a8eabb710') in 0.019314 seconds
Number of updated asset objects reloaded before import = 0Number of asset objects unloaded after import = 3

========================================================================
Received Import Request.
  Time since last request: 0.000039 seconds.
  path: Assets/art and everything nice/Tilesets/Tiles_222.asset
  artifactKey: Guid(f19413e072abfb34199111b1c8a22ba0) Importer(815301076,1909f56bfc062723c751e8b465ee728b)
Start importing Assets/art and everything nice/Tilesets/Tiles_222.asset using Guid(f19413e072abfb34199111b1c8a22ba0) Importer(815301076,1909f56bfc062723c751e8b465ee728b) (PreviewImporter) -> (artifact id: '6dcba9755ca86e16692ce689bca30ae5') in 0.0153765 seconds
Number of updated asset objects reloaded before import = 0Number of asset objects unloaded after import = 3

========================================================================
Received Import Request.
  Time since last request: 0.000030 seconds.
  path: Assets/art and everything nice/Tilesets/Tiles_260.asset
  artifactKey: Guid(a7a90f7459ddba64793c71463d9fb429) Importer(815301076,1909f56bfc062723c751e8b465ee728b)
Start importing Assets/art and everything nice/Tilesets/Tiles_260.asset using Guid(a7a90f7459ddba64793c71463d9fb429) Importer(815301076,1909f56bfc062723c751e8b465ee728b) (PreviewImporter) -> (artifact id: 'ed585fd4c5d0e2fa75cf336aa1b38d82') in 0.0078844 seconds
Number of updated asset objects reloaded before import = 0Number of asset objects unloaded after import = 3

========================================================================
Received Import Request.
  Time since last request: 0.000024 seconds.
  path: Assets/art and everything nice/Tilesets/Tiles_257.asset
  artifactKey: Guid(ff6f0aa45913c5145a36d0720da53aa3) Importer(815301076,1909f56bfc062723c751e8b465ee728b)
Start importing Assets/art and everything nice/Tilesets/Tiles_257.asset using Guid(ff6f0aa45913c5145a36d0720da53aa3) Importer(815301076,1909f56bfc062723c751e8b465ee728b) (PreviewImporter) -> (artifact id: 'd5dc34f40d8075ca3c98cc9c07b07634') in 0.0124593 seconds
Number of updated asset objects reloaded before import = 0Number of asset objects unloaded after import = 3

========================================================================
Received Import Request.
  Time since last request: 0.000028 seconds.
  path: Assets/art and everything nice/Tilesets/Tiles_226.asset
  artifactKey: Guid(4c6d8a85c231d004bb8ded2fc12dbc6b) Importer(815301076,1909f56bfc062723c751e8b465ee728b)
Start importing Assets/art and everything nice/Tilesets/Tiles_226.asset using Guid(4c6d8a85c231d004bb8ded2fc12dbc6b) Importer(815301076,1909f56bfc062723c751e8b465ee728b) (PreviewImporter) -> (artifact id: '6bf14e176f9a4901f5e2cabd61d6da4c') in 0.0262731 seconds
Number of updated asset objects reloaded before import = 0Number of asset objects unloaded after import = 3

========================================================================
Received Import Request.
  Time since last request: 0.000031 seconds.
  path: Assets/art and everything nice/Tilesets/Tiles_239.asset
  artifactKey: Guid(d29b710db8e61414786b3bc941ace4df) Importer(815301076,1909f56bfc062723c751e8b465ee728b)
Start importing Assets/art and everything nice/Tilesets/Tiles_239.asset using Guid(d29b710db8e61414786b3bc941ace4df) Importer(815301076,1909f56bfc062723c751e8b465ee728b) (PreviewImporter) -> (artifact id: 'beab18826669bf9e54a8055961dcb875') in 0.0087078 seconds
Number of updated asset objects reloaded before import = 0Number of asset objects unloaded after import = 3

========================================================================
Received Import Request.
  Time since last request: 0.000034 seconds.
  path: Assets/art and everything nice/Tilesets/Tiles_200.asset
  artifactKey: Guid(f67024d1a0a52a74bacf32c666a1c1fc) Importer(815301076,1909f56bfc062723c751e8b465ee728b)
Start importing Assets/art and everything nice/Tilesets/Tiles_200.asset using Guid(f67024d1a0a52a74bacf32c666a1c1fc) Importer(815301076,1909f56bfc062723c751e8b465ee728b) (PreviewImporter) -> (artifact id: 'c8b0b1f4be764b0ca9cf2f663398a018') in 0.0084113 seconds
Number of updated asset objects reloaded before import = 0Number of asset objects unloaded after import = 3

========================================================================
Received Import Request.
  Time since last request: 0.000028 seconds.
  path: Assets/art and everything nice/Tilesets/Tiles_212.asset
  artifactKey: Guid(7f690645a7f31df4aa4f51be6b61d7bd) Importer(815301076,1909f56bfc062723c751e8b465ee728b)
Start importing Assets/art and everything nice/Tilesets/Tiles_212.asset using Guid(7f690645a7f31df4aa4f51be6b61d7bd) Importer(815301076,1909f56bfc062723c751e8b465ee728b) (PreviewImporter) -> (artifact id: '14063fc770ef8444dbe2a59976fc014d') in 0.0082133 seconds
Number of updated asset objects reloaded before import = 0Number of asset objects unloaded after import = 3

========================================================================
Received Import Request.
  Time since last request: 0.000040 seconds.
  path: Assets/art and everything nice/Tilesets/Tiles_227.asset
  artifactKey: Guid(91fd0b3f634a7a14da4d5cf8face5523) Importer(815301076,1909f56bfc062723c751e8b465ee728b)
Start importing Assets/art and everything nice/Tilesets/Tiles_227.asset using Guid(91fd0b3f634a7a14da4d5cf8face5523) Importer(815301076,1909f56bfc062723c751e8b465ee728b) (PreviewImporter) -> (artifact id: 'e3d85cfe1809fdd7c43399052937a765') in 0.0221147 seconds
Number of updated asset objects reloaded before import = 0Number of asset objects unloaded after import = 3

========================================================================
Received Import Request.
  Time since last request: 0.000028 seconds.
  path: Assets/art and everything nice/Tilesets/Tiles_207.asset
  artifactKey: Guid(546c1253850afe443a2089a243eb4763) Importer(815301076,1909f56bfc062723c751e8b465ee728b)
Start importing Assets/art and everything nice/Tilesets/Tiles_207.asset using Guid(546c1253850afe443a2089a243eb4763) Importer(815301076,1909f56bfc062723c751e8b465ee728b) (PreviewImporter) -> (artifact id: '7d083fbdcbcb7a179f0ef390923f62d0') in 0.0147792 seconds
Number of updated asset objects reloaded before import = 0Number of asset objects unloaded after import = 3

========================================================================
Received Import Request.
  Time since last request: 0.000038 seconds.
  path: Assets/art and everything nice/Tilesets/Tiles_240.asset
  artifactKey: Guid(bf9cf1b6186ff464088c89112036a855) Importer(815301076,1909f56bfc062723c751e8b465ee728b)
Start importing Assets/art and everything nice/Tilesets/Tiles_240.asset using Guid(bf9cf1b6186ff464088c89112036a855) Importer(815301076,1909f56bfc062723c751e8b465ee728b) (PreviewImporter) -> (artifact id: '296eab1663b98e82d69ce20c0c7b05f1') in 0.0084564 seconds
Number of updated asset objects reloaded before import = 0Number of asset objects unloaded after import = 3

========================================================================
Received Import Request.
  Time since last request: 0.000028 seconds.
  path: Assets/art and everything nice/Tilesets/Tiles_217.asset
  artifactKey: Guid(b4c06420f0109774796b4a840bb436c9) Importer(815301076,1909f56bfc062723c751e8b465ee728b)
Start importing Assets/art and everything nice/Tilesets/Tiles_217.asset using Guid(b4c06420f0109774796b4a840bb436c9) Importer(815301076,1909f56bfc062723c751e8b465ee728b) (PreviewImporter) -> (artifact id: '1fb049b40e73af9cce0b9466f326272f') in 0.0075323 seconds
Number of updated asset objects reloaded before import = 0Number of asset objects unloaded after import = 3

========================================================================
Received Import Request.
  Time since last request: 0.000029 seconds.
  path: Assets/art and everything nice/Tilesets/Tiles_225.asset
  artifactKey: Guid(bc221d0c5195f45468a2eeae08773630) Importer(815301076,1909f56bfc062723c751e8b465ee728b)
Start importing Assets/art and everything nice/Tilesets/Tiles_225.asset using Guid(bc221d0c5195f45468a2eeae08773630) Importer(815301076,1909f56bfc062723c751e8b465ee728b) (PreviewImporter) -> (artifact id: 'cc71e4aae9635f6d192e668b48c0c283') in 0.0087919 seconds
Number of updated asset objects reloaded before import = 0Number of asset objects unloaded after import = 3

========================================================================
Received Import Request.
  Time since last request: 0.000023 seconds.
  path: Assets/art and everything nice/Tilesets/Tiles_258.asset
  artifactKey: Guid(943bbcb8626c26c4689904ee00788f42) Importer(815301076,1909f56bfc062723c751e8b465ee728b)
Start importing Assets/art and everything nice/Tilesets/Tiles_258.asset using Guid(943bbcb8626c26c4689904ee00788f42) Importer(815301076,1909f56bfc062723c751e8b465ee728b) (PreviewImporter) -> (artifact id: 'e9f653b1315a9cef65e66f0c103c689b') in 0.0076967 seconds
Number of updated asset objects reloaded before import = 0Number of asset objects unloaded after import = 3

========================================================================
Received Import Request.
  Time since last request: 0.000028 seconds.
  path: Assets/art and everything nice/Tilesets/Tiles_204.asset
  artifactKey: Guid(badf6b3c2f32f7a419d9853d34f4dfca) Importer(815301076,1909f56bfc062723c751e8b465ee728b)
Start importing Assets/art and everything nice/Tilesets/Tiles_204.asset using Guid(badf6b3c2f32f7a419d9853d34f4dfca) Importer(815301076,1909f56bfc062723c751e8b465ee728b) (PreviewImporter) -> (artifact id: '015afad43b3befd2d65ebcf8e46ac211') in 0.0081131 seconds
Number of updated asset objects reloaded before import = 0Number of asset objects unloaded after import = 3

========================================================================
Received Import Request.
  Time since last request: 0.000043 seconds.
  path: Assets/art and everything nice/Tilesets/Tiles_206.asset
  artifactKey: Guid(c7517d6be0bb73546b6346ebfbc06d17) Importer(815301076,1909f56bfc062723c751e8b465ee728b)
Start importing Assets/art and everything nice/Tilesets/Tiles_206.asset using Guid(c7517d6be0bb73546b6346ebfbc06d17) Importer(815301076,1909f56bfc062723c751e8b465ee728b) (PreviewImporter) -> (artifact id: '7dedfec9d1597cc9a71f3e70483ec090') in 0.0084843 seconds
Number of updated asset objects reloaded before import = 0Number of asset objects unloaded after import = 3

========================================================================
Received Import Request.
  Time since last request: 0.000027 seconds.
  path: Assets/art and everything nice/Tilesets/Tiles_242.asset
  artifactKey: Guid(a12267adb8a0ff8408ccd495d6f26314) Importer(815301076,1909f56bfc062723c751e8b465ee728b)
Start importing Assets/art and everything nice/Tilesets/Tiles_242.asset using Guid(a12267adb8a0ff8408ccd495d6f26314) Importer(815301076,1909f56bfc062723c751e8b465ee728b) (PreviewImporter) -> (artifact id: '6874f7c321a13e386c768c18eeb1f6dc') in 0.0079507 seconds
Number of updated asset objects reloaded before import = 0Number of asset objects unloaded after import = 3

========================================================================
Received Import Request.
  Time since last request: 0.000028 seconds.
  path: Assets/art and everything nice/Tilesets/Tiles_262.asset
  artifactKey: Guid(3f1c2701e3595424dae5c8d6fcaa7757) Importer(815301076,1909f56bfc062723c751e8b465ee728b)
Start importing Assets/art and everything nice/Tilesets/Tiles_262.asset using Guid(3f1c2701e3595424dae5c8d6fcaa7757) Importer(815301076,1909f56bfc062723c751e8b465ee728b) (PreviewImporter) -> (artifact id: 'df30ecf4d80da7ce011d086252a93df1') in 0.00941 seconds
Number of updated asset objects reloaded before import = 0Number of asset objects unloaded after import = 3

========================================================================
Received Import Request.
  Time since last request: 0.000032 seconds.
  path: Assets/art and everything nice/Tilesets/Tiles_210.asset
  artifactKey: Guid(941a05be0781ecd45b55f855d959b2f4) Importer(815301076,1909f56bfc062723c751e8b465ee728b)
Start importing Assets/art and everything nice/Tilesets/Tiles_210.asset using Guid(941a05be0781ecd45b55f855d959b2f4) Importer(815301076,1909f56bfc062723c751e8b465ee728b) (PreviewImporter) -> (artifact id: '13314ebcbfa505e9fa5db241d8ee22af') in 0.0091295 seconds
Number of updated asset objects reloaded before import = 0Number of asset objects unloaded after import = 3

========================================================================
Received Import Request.
  Time since last request: 0.000028 seconds.
  path: Assets/art and everything nice/Tilesets/Tiles_211.asset
  artifactKey: Guid(44667bc2b97456446afe420be207783f) Importer(815301076,1909f56bfc062723c751e8b465ee728b)
Start importing Assets/art and everything nice/Tilesets/Tiles_211.asset using Guid(44667bc2b97456446afe420be207783f) Importer(815301076,1909f56bfc062723c751e8b465ee728b) (PreviewImporter) -> (artifact id: '395a59347cac25c63216aa55d5aef021') in 0.0081316 seconds
Number of updated asset objects reloaded before import = 0Number of asset objects unloaded after import = 3

========================================================================
Received Import Request.
  Time since last request: 0.000045 seconds.
  path: Assets/art and everything nice/Tilesets/Tiles_228.asset
  artifactKey: Guid(561677b79dd022a4c87120de32de7286) Importer(815301076,1909f56bfc062723c751e8b465ee728b)
Start importing Assets/art and everything nice/Tilesets/Tiles_228.asset using Guid(561677b79dd022a4c87120de32de7286) Importer(815301076,1909f56bfc062723c751e8b465ee728b) (PreviewImporter) -> (artifact id: 'dfd48beef3d60be724c60cc7b6007dcb') in 0.0092493 seconds
Number of updated asset objects reloaded before import = 0Number of asset objects unloaded after import = 3

========================================================================
Received Import Request.
  Time since last request: 0.000029 seconds.
  path: Assets/art and everything nice/Tilesets/Tiles_203.asset
  artifactKey: Guid(5458f894feed00e4ba232fdde73d1e0a) Importer(815301076,1909f56bfc062723c751e8b465ee728b)
Start importing Assets/art and everything nice/Tilesets/Tiles_203.asset using Guid(5458f894feed00e4ba232fdde73d1e0a) Importer(815301076,1909f56bfc062723c751e8b465ee728b) (PreviewImporter) -> (artifact id: 'e991817bd4d3f36c099f8b8297133f0b') in 0.0080393 seconds
Number of updated asset objects reloaded before import = 0Number of asset objects unloaded after import = 3

========================================================================
Received Import Request.
  Time since last request: 0.000027 seconds.
  path: Assets/art and everything nice/Tilesets/Tiles_248.asset
  artifactKey: Guid(b2b61686327a59149b184e8eff85df90) Importer(815301076,1909f56bfc062723c751e8b465ee728b)
Start importing Assets/art and everything nice/Tilesets/Tiles_248.asset using Guid(b2b61686327a59149b184e8eff85df90) Importer(815301076,1909f56bfc062723c751e8b465ee728b) (PreviewImporter) -> (artifact id: '903c1ea84b2cb27ee5bef28606c8d1f5') in 0.0080468 seconds
Number of updated asset objects reloaded before import = 0Number of asset objects unloaded after import = 3

========================================================================
Received Import Request.
  Time since last request: 0.000025 seconds.
  path: Assets/art and everything nice/Tilesets/Tiles_223.asset
  artifactKey: Guid(b0dc6f59083045a478c77b1d7faf4c95) Importer(815301076,1909f56bfc062723c751e8b465ee728b)
Start importing Assets/art and everything nice/Tilesets/Tiles_223.asset using Guid(b0dc6f59083045a478c77b1d7faf4c95) Importer(815301076,1909f56bfc062723c751e8b465ee728b) (PreviewImporter) -> (artifact id: 'fd7bd79bfdff634a5efd4344e71066ee') in 0.0082288 seconds
Number of updated asset objects reloaded before import = 0Number of asset objects unloaded after import = 3

Editor requested this worker to shutdown with reason: Scaling down because of idle timeout
AssetImportWorker is now disconnected from the server
Process exiting
Exiting without the bug reporter. Application will terminate with return code 0