Using pre-set license
Built from '6000.1/staging' branch; Version is '6000.1.3f1 (f34db9734971) revision 15945145'; Using compiler version '194234433'; Build Type 'Release'
OS: 'Windows 10  (10.0.19045) 64bit CoreSingleLanguage' Language: 'en' Physical Memory: 32616 MB
BatchMode: 1, IsHumanControllingUs: 0, StartBugReporterOnCrash: 0, Is64bit: 1, IsPro: 1
Date: 2025-08-07T12:57:05Z

COMMAND LINE ARGUMENTS:
C:\Program Files\Unity\Hub\Editor\6000.1.3f1\Editor\Unity.exe
-adb2
-batchMode
-noUpm
-name
AssetImportWorker10
-projectPath
D:/[PROGRAMMING]/[GITHUB]/Cat-erpilar-Jump-Jump
-logFile
Logs/AssetImportWorker10.log
-srvPort
50640
-job-worker-count
7
-background-job-worker-count
8
-gc-helper-count
1
-name
AssetImport
Successfully changed project path to: D:/[PROGRAMMING]/[GITHUB]/Cat-erpilar-Jump-Jump
D:/[PROGRAMMING]/[GITHUB]/Cat-erpilar-Jump-Jump
[UnityMemory] Configuration Parameters - Can be set up in boot.config
    "memorysetup-allocator-temp-initial-block-size-main=262144"
    "memorysetup-allocator-temp-initial-block-size-worker=262144"
    "memorysetup-bucket-allocator-granularity=16"
    "memorysetup-bucket-allocator-bucket-count=8"
    "memorysetup-bucket-allocator-block-size=33554432"
    "memorysetup-bucket-allocator-block-count=8"
    "memorysetup-main-allocator-block-size=16777216"
    "memorysetup-thread-allocator-block-size=16777216"
    "memorysetup-gfx-main-allocator-block-size=16777216"
    "memorysetup-gfx-thread-allocator-block-size=16777216"
    "memorysetup-cache-allocator-block-size=4194304"
    "memorysetup-typetree-allocator-block-size=2097152"
    "memorysetup-profiler-bucket-allocator-granularity=16"
    "memorysetup-profiler-bucket-allocator-bucket-count=8"
    "memorysetup-profiler-bucket-allocator-block-size=33554432"
    "memorysetup-profiler-bucket-allocator-block-count=8"
    "memorysetup-profiler-allocator-block-size=16777216"
    "memorysetup-profiler-editor-allocator-block-size=1048576"
    "memorysetup-temp-allocator-size-main=16777216"
    "memorysetup-job-temp-allocator-block-size=2097152"
    "memorysetup-job-temp-allocator-block-size-background=1048576"
    "memorysetup-job-temp-allocator-reduction-small-platforms=262144"
    "memorysetup-temp-allocator-size-background-worker=32768"
    "memorysetup-temp-allocator-size-job-worker=262144"
    "memorysetup-temp-allocator-size-preload-manager=33554432"
    "memorysetup-temp-allocator-size-nav-mesh-worker=65536"
    "memorysetup-temp-allocator-size-audio-worker=65536"
    "memorysetup-temp-allocator-size-cloud-worker=32768"
    "memorysetup-temp-allocator-size-gi-baking-worker=262144"
    "memorysetup-temp-allocator-size-gi-baking-worker=262144"
    "memorysetup-temp-allocator-size-gi-baking-worker=262144"
    "memorysetup-temp-allocator-size-gi-baking-worker=262144"
    "memorysetup-temp-allocator-size-gi-baking-worker=262144"
    "memorysetup-temp-allocator-size-gfx=262144"
Player connection [29924]  Target information:

Player connection [29924]  * "[IP] 192.168.100.9 [Port] 0 [Flags] 2 [Guid] 1153178230 [EditorId] 1153178230 [Version] 1048832 [Id] WindowsEditor(7,DESKTOP-L3UL4MU) [Debug] 1 [PackageName] WindowsEditor [ProjectName] Editor" 

Player connection [29924] Host joined multi-casting on [225.0.0.222:54997]...
Player connection [29924] Host joined alternative multi-casting on [225.0.0.222:34997]...
JobSystem: Creating JobQueue using job-worker-count value 7
Input System module state changed to: Initialized.
[Physics::Module] Initialized fallback backend.
[Physics::Module] Id: 0xdecafbad
Library Redirect Path: Library/
[Physics::Module] Selected backend.
[Physics::Module] Name: PhysX
[Physics::Module] Id: 0xf2b8ea05
[Physics::Module] SDK Version: 4.1.2
[Physics::Module] Integration Version: 1.0.0
[Physics::Module] Threading Mode: Multi-Threaded
Refreshing native plugins compatible for Editor in 3.93 ms, found 4 plugins.
Preloading 0 native plugins for Editor in 0.00 ms.
Initialize engine version: 6000.1.3f1 (f34db9734971)
[Subsystems] Discovering subsystems at path C:/Program Files/Unity/Hub/Editor/6000.1.3f1/Editor/Data/Resources/UnitySubsystems
[Subsystems] Discovering subsystems at path D:/[PROGRAMMING]/[GITHUB]/Cat-erpilar-Jump-Jump/Assets
GfxDevice: creating device client; kGfxThreadingModeNonThreaded
Direct3D:
    Version:         Direct3D 12 [level 12.1]
    Renderer:        NVIDIA GeForce RTX 3070 Laptop GPU (ID=0x24dd)
    Vendor:          NVIDIA
    VRAM:            8020 MB
    App VRAM Budget: 7252 MB
    Driver:          32.0.15.6641
Initialize mono
Mono path[0] = 'C:/Program Files/Unity/Hub/Editor/6000.1.3f1/Editor/Data/Managed'
Mono path[1] = 'C:/Program Files/Unity/Hub/Editor/6000.1.3f1/Editor/Data/MonoBleedingEdge/lib/mono/unityjit-win32'
Mono config path = 'C:/Program Files/Unity/Hub/Editor/6000.1.3f1/Editor/Data/MonoBleedingEdge/etc'
Using monoOptions --debugger-agent=transport=dt_socket,embedding=1,server=y,suspend=n,address=127.0.0.1:56944
Begin MonoManager ReloadAssembly
Registering precompiled unity dll's ...
Register platform support module: C:/Program Files/Unity/Hub/Editor/6000.1.3f1/Editor/Data/PlaybackEngines/WindowsStandaloneSupport/UnityEditor.WindowsStandalone.Extensions.dll
Registered in 0.002712 seconds.
- Loaded All Assemblies, in  0.468 seconds
Native extension for WindowsStandalone target not found
Mono: successfully reloaded assembly
- Finished resetting the current domain, in  0.396 seconds
Domain Reload Profiling: 860ms
	BeginReloadAssembly (162ms)
		ExecutionOrderSort (0ms)
		DisableScriptedObjects (0ms)
		BackupInstance (0ms)
		ReleaseScriptingObjects (0ms)
		CreateAndSetChildDomain (1ms)
	RebuildCommonClasses (45ms)
	RebuildNativeTypeToScriptingClass (12ms)
	initialDomainReloadingComplete (63ms)
	LoadAllAssembliesAndSetupDomain (182ms)
		LoadAssemblies (158ms)
		RebuildTransferFunctionScriptingTraits (0ms)
		AnalyzeDomain (179ms)
			TypeCache.Refresh (177ms)
				TypeCache.ScanAssembly (163ms)
			BuildScriptInfoCaches (0ms)
			ResolveRequiredComponents (1ms)
	FinalizeReload (396ms)
		ReleaseScriptCaches (0ms)
		RebuildScriptCaches (0ms)
		SetupLoadedEditorAssemblies (340ms)
			LogAssemblyErrors (0ms)
			InitializePlatformSupportModulesInManaged (64ms)
			SetLoadedEditorAssemblies (5ms)
			BeforeProcessingInitializeOnLoad (65ms)
			ProcessInitializeOnLoadAttributes (138ms)
			ProcessInitializeOnLoadMethodAttributes (67ms)
			AfterProcessingInitializeOnLoad (0ms)
			EditorAssembliesLoaded (0ms)
		ExecutionOrderSort2 (0ms)
		AwakeInstancesAfterBackupRestoration (0ms)
========================================================================
Worker process is ready to serve import requests
Import Worker Mode flag is 0x00
Begin MonoManager ReloadAssembly
- Loaded All Assemblies, in  0.964 seconds
Refreshing native plugins compatible for Editor in 2.02 ms, found 4 plugins.
Native extension for WindowsStandalone target not found
Mono: successfully reloaded assembly
- Finished resetting the current domain, in  0.909 seconds
Domain Reload Profiling: 1868ms
	BeginReloadAssembly (219ms)
		ExecutionOrderSort (0ms)
		DisableScriptedObjects (7ms)
		BackupInstance (0ms)
		ReleaseScriptingObjects (0ms)
		CreateAndSetChildDomain (37ms)
	RebuildCommonClasses (45ms)
	RebuildNativeTypeToScriptingClass (13ms)
	initialDomainReloadingComplete (49ms)
	LoadAllAssembliesAndSetupDomain (633ms)
		LoadAssemblies (437ms)
		RebuildTransferFunctionScriptingTraits (0ms)
		AnalyzeDomain (317ms)
			TypeCache.Refresh (230ms)
				TypeCache.ScanAssembly (212ms)
			BuildScriptInfoCaches (71ms)
			ResolveRequiredComponents (14ms)
	FinalizeReload (910ms)
		ReleaseScriptCaches (0ms)
		RebuildScriptCaches (0ms)
		SetupLoadedEditorAssemblies (743ms)
			LogAssemblyErrors (0ms)
			InitializePlatformSupportModulesInManaged (2ms)
			SetLoadedEditorAssemblies (4ms)
			BeforeProcessingInitializeOnLoad (143ms)
			ProcessInitializeOnLoadAttributes (447ms)
			ProcessInitializeOnLoadMethodAttributes (137ms)
			AfterProcessingInitializeOnLoad (9ms)
			EditorAssembliesLoaded (0ms)
		ExecutionOrderSort2 (0ms)
		AwakeInstancesAfterBackupRestoration (6ms)
Launched and connected shader compiler UnityShaderCompiler.exe after 0.01 seconds
Refreshing native plugins compatible for Editor in 2.04 ms, found 4 plugins.
Preloading 0 native plugins for Editor in 0.00 ms.
Unloading 217 Unused Serialized files (Serialized files now loaded: 0)
Unloading 6597 unused Assets / (4.8 MB). Loaded Objects now: 7312.
Memory consumption went from 170.8 MB to 166.0 MB.
Total: 11.717800 ms (FindLiveObjects: 0.788700 ms CreateObjectMapping: 1.230300 ms MarkObjects: 6.648500 ms  DeleteObjects: 3.049000 ms)

========================================================================
Received Import Request.
  Time since last request: 19928.679556 seconds.
  path: Assets/art and everything nice/Tilesets/Tiles_81.asset
  artifactKey: Guid(f176326c42c794740a569733a4ae1d98) Importer(815301076,1909f56bfc062723c751e8b465ee728b)
Start importing Assets/art and everything nice/Tilesets/Tiles_81.asset using Guid(f176326c42c794740a569733a4ae1d98) Importer(815301076,1909f56bfc062723c751e8b465ee728b) (PreviewImporter) -> (artifact id: '389923e4ad06710dca8030672b81c7c4') in 0.1076249 seconds
Number of updated asset objects reloaded before import = 0Number of asset objects unloaded after import = 3

========================================================================
Received Import Request.
  Time since last request: 0.000018 seconds.
  path: Assets/art and everything nice/Tilesets/Tiles_250.asset
  artifactKey: Guid(7edbb93b403b6474d9cf6182fd8cda34) Importer(815301076,1909f56bfc062723c751e8b465ee728b)
Start importing Assets/art and everything nice/Tilesets/Tiles_250.asset using Guid(7edbb93b403b6474d9cf6182fd8cda34) Importer(815301076,1909f56bfc062723c751e8b465ee728b) (PreviewImporter) -> (artifact id: 'fbb37644ba1ccfda60c3de3701a0e095') in 0.0102599 seconds
Number of updated asset objects reloaded before import = 0Number of asset objects unloaded after import = 3

========================================================================
Received Import Request.
  Time since last request: 0.000018 seconds.
  path: Assets/art and everything nice/Tilesets/Tiles_177.asset
  artifactKey: Guid(8386c9c2af54179489d44eac3cc950f6) Importer(815301076,1909f56bfc062723c751e8b465ee728b)
Start importing Assets/art and everything nice/Tilesets/Tiles_177.asset using Guid(8386c9c2af54179489d44eac3cc950f6) Importer(815301076,1909f56bfc062723c751e8b465ee728b) (PreviewImporter) -> (artifact id: '87f03147362a5113f5ce3189ff09307e') in 0.0169033 seconds
Number of updated asset objects reloaded before import = 0Number of asset objects unloaded after import = 3

========================================================================
Received Import Request.
  Time since last request: 0.000030 seconds.
  path: Assets/art and everything nice/Tilesets/Tiles_207.asset
  artifactKey: Guid(546c1253850afe443a2089a243eb4763) Importer(815301076,1909f56bfc062723c751e8b465ee728b)
Start importing Assets/art and everything nice/Tilesets/Tiles_207.asset using Guid(546c1253850afe443a2089a243eb4763) Importer(815301076,1909f56bfc062723c751e8b465ee728b) (PreviewImporter) -> (artifact id: '17c8c8dee2aaaab1b91259a6cc6aebdd') in 0.0093563 seconds
Number of updated asset objects reloaded before import = 0Number of asset objects unloaded after import = 3

========================================================================
Received Import Request.
  Time since last request: 0.000017 seconds.
  path: Assets/art and everything nice/Tilesets/Tiles_221.asset
  artifactKey: Guid(f51b3bf85806f754a883b8f0b088f37b) Importer(815301076,1909f56bfc062723c751e8b465ee728b)
Start importing Assets/art and everything nice/Tilesets/Tiles_221.asset using Guid(f51b3bf85806f754a883b8f0b088f37b) Importer(815301076,1909f56bfc062723c751e8b465ee728b) (PreviewImporter) -> (artifact id: '2b54f956aa6abffff2bee9a03acd2840') in 0.0078008 seconds
Number of updated asset objects reloaded before import = 0Number of asset objects unloaded after import = 3

========================================================================
Received Import Request.
  Time since last request: 0.000019 seconds.
  path: Assets/art and everything nice/Tilesets/Tiles_181.asset
  artifactKey: Guid(59a155b3ef9da1445a6110115f5e2de1) Importer(815301076,1909f56bfc062723c751e8b465ee728b)
Start importing Assets/art and everything nice/Tilesets/Tiles_181.asset using Guid(59a155b3ef9da1445a6110115f5e2de1) Importer(815301076,1909f56bfc062723c751e8b465ee728b) (PreviewImporter) -> (artifact id: '637b6dc7b4699ca154d6a1497d2b26b9') in 0.0084094 seconds
Number of updated asset objects reloaded before import = 0Number of asset objects unloaded after import = 3

========================================================================
Received Import Request.
  Time since last request: 0.000024 seconds.
  path: Assets/art and everything nice/Tilesets/Tiles_234.asset
  artifactKey: Guid(bcf3ef25da99213498a4a17776a0d98d) Importer(815301076,1909f56bfc062723c751e8b465ee728b)
Start importing Assets/art and everything nice/Tilesets/Tiles_234.asset using Guid(bcf3ef25da99213498a4a17776a0d98d) Importer(815301076,1909f56bfc062723c751e8b465ee728b) (PreviewImporter) -> (artifact id: '7b7cfdee6b9bb119c1e42a49f496c3b5') in 0.0083932 seconds
Number of updated asset objects reloaded before import = 0Number of asset objects unloaded after import = 3

========================================================================
Received Import Request.
  Time since last request: 0.000020 seconds.
  path: Assets/art and everything nice/Tilesets/Tiles_206.asset
  artifactKey: Guid(c7517d6be0bb73546b6346ebfbc06d17) Importer(815301076,1909f56bfc062723c751e8b465ee728b)
Start importing Assets/art and everything nice/Tilesets/Tiles_206.asset using Guid(c7517d6be0bb73546b6346ebfbc06d17) Importer(815301076,1909f56bfc062723c751e8b465ee728b) (PreviewImporter) -> (artifact id: '609f8fbcdaf30b91930d5ded87e6e937') in 0.0077519 seconds
Number of updated asset objects reloaded before import = 0Number of asset objects unloaded after import = 3

========================================================================
Received Import Request.
  Time since last request: 0.000043 seconds.
  path: Assets/art and everything nice/Tilesets/Tiles_90.asset
  artifactKey: Guid(e008b59d32310604a8405b57f4e9518f) Importer(815301076,1909f56bfc062723c751e8b465ee728b)
Start importing Assets/art and everything nice/Tilesets/Tiles_90.asset using Guid(e008b59d32310604a8405b57f4e9518f) Importer(815301076,1909f56bfc062723c751e8b465ee728b) (PreviewImporter) -> (artifact id: '44fcd63cbbf0470fe35a82dd06243046') in 0.015809 seconds
Number of updated asset objects reloaded before import = 0Number of asset objects unloaded after import = 3

========================================================================
Received Import Request.
  Time since last request: 0.000024 seconds.
  path: Assets/art and everything nice/Tilesets/Tiles_118.asset
  artifactKey: Guid(cdee407b81be96d46afcff7c9d94a56d) Importer(815301076,1909f56bfc062723c751e8b465ee728b)
Start importing Assets/art and everything nice/Tilesets/Tiles_118.asset using Guid(cdee407b81be96d46afcff7c9d94a56d) Importer(815301076,1909f56bfc062723c751e8b465ee728b) (PreviewImporter) -> (artifact id: '940000c3dfc1da6725f713b3c008b3fd') in 0.0167209 seconds
Number of updated asset objects reloaded before import = 0Number of asset objects unloaded after import = 3

========================================================================
Received Import Request.
  Time since last request: 0.000019 seconds.
  path: Assets/art and everything nice/Tilesets/Tiles_145.asset
  artifactKey: Guid(d32900686f5ccb54fb95a499da4a6046) Importer(815301076,1909f56bfc062723c751e8b465ee728b)
Start importing Assets/art and everything nice/Tilesets/Tiles_145.asset using Guid(d32900686f5ccb54fb95a499da4a6046) Importer(815301076,1909f56bfc062723c751e8b465ee728b) (PreviewImporter) -> (artifact id: '61ec35b1e97dd6bc9bcd14a209e72407') in 0.017535 seconds
Number of updated asset objects reloaded before import = 0Number of asset objects unloaded after import = 3

========================================================================
Received Import Request.
  Time since last request: 0.000020 seconds.
  path: Assets/art and everything nice/Tilesets/Tiles_67.asset
  artifactKey: Guid(86432e6ddeaaf7b479154e6242028446) Importer(815301076,1909f56bfc062723c751e8b465ee728b)
Start importing Assets/art and everything nice/Tilesets/Tiles_67.asset using Guid(86432e6ddeaaf7b479154e6242028446) Importer(815301076,1909f56bfc062723c751e8b465ee728b) (PreviewImporter) -> (artifact id: '40a65cfe3596f7294db2d940cb1eeb4e') in 0.0085299 seconds
Number of updated asset objects reloaded before import = 0Number of asset objects unloaded after import = 3

========================================================================
Received Import Request.
  Time since last request: 0.000032 seconds.
  path: Assets/art and everything nice/Tilesets/Tiles_193.asset
  artifactKey: Guid(7830d0af4d06f1348969aff92d81e81f) Importer(815301076,1909f56bfc062723c751e8b465ee728b)
Start importing Assets/art and everything nice/Tilesets/Tiles_193.asset using Guid(7830d0af4d06f1348969aff92d81e81f) Importer(815301076,1909f56bfc062723c751e8b465ee728b) (PreviewImporter) -> (artifact id: 'fe095bd6f6581a4a102c6bbc67d177ed') in 0.0177081 seconds
Number of updated asset objects reloaded before import = 0Number of asset objects unloaded after import = 3

========================================================================
Received Import Request.
  Time since last request: 0.000018 seconds.
  path: Assets/art and everything nice/Tilesets/Tiles_211.asset
  artifactKey: Guid(44667bc2b97456446afe420be207783f) Importer(815301076,1909f56bfc062723c751e8b465ee728b)
Start importing Assets/art and everything nice/Tilesets/Tiles_211.asset using Guid(44667bc2b97456446afe420be207783f) Importer(815301076,1909f56bfc062723c751e8b465ee728b) (PreviewImporter) -> (artifact id: 'ff891838417c8d68f383a4e314b1533c') in 0.0084466 seconds
Number of updated asset objects reloaded before import = 0Number of asset objects unloaded after import = 3

========================================================================
Received Import Request.
  Time since last request: 0.000019 seconds.
  path: Assets/art and everything nice/Tilesets/Tiles_203.asset
  artifactKey: Guid(5458f894feed00e4ba232fdde73d1e0a) Importer(815301076,1909f56bfc062723c751e8b465ee728b)
Start importing Assets/art and everything nice/Tilesets/Tiles_203.asset using Guid(5458f894feed00e4ba232fdde73d1e0a) Importer(815301076,1909f56bfc062723c751e8b465ee728b) (PreviewImporter) -> (artifact id: 'b526ebf5ffe956e0cfc1797b00f683d8') in 0.0095044 seconds
Number of updated asset objects reloaded before import = 0Number of asset objects unloaded after import = 3

========================================================================
Received Import Request.
  Time since last request: 0.000019 seconds.
  path: Assets/art and everything nice/Tilesets/Tiles_244.asset
  artifactKey: Guid(6e54a8d1e023d2b42bd9391356c7ac6e) Importer(815301076,1909f56bfc062723c751e8b465ee728b)
Start importing Assets/art and everything nice/Tilesets/Tiles_244.asset using Guid(6e54a8d1e023d2b42bd9391356c7ac6e) Importer(815301076,1909f56bfc062723c751e8b465ee728b) (PreviewImporter) -> (artifact id: 'e08cbf0089dcd971f08b095f55a927e0') in 0.0082124 seconds
Number of updated asset objects reloaded before import = 0Number of asset objects unloaded after import = 3

========================================================================
Received Import Request.
  Time since last request: 0.000021 seconds.
  path: Assets/art and everything nice/Tilesets/Tiles_241.asset
  artifactKey: Guid(92c14307a6b82264d89eb18b3008f2c9) Importer(815301076,1909f56bfc062723c751e8b465ee728b)
Start importing Assets/art and everything nice/Tilesets/Tiles_241.asset using Guid(92c14307a6b82264d89eb18b3008f2c9) Importer(815301076,1909f56bfc062723c751e8b465ee728b) (PreviewImporter) -> (artifact id: '5fcaca606a65d9ff927952d98445c198') in 0.0073945 seconds
Number of updated asset objects reloaded before import = 0Number of asset objects unloaded after import = 3

========================================================================
Received Import Request.
  Time since last request: 0.000030 seconds.
  path: Assets/art and everything nice/Tilesets/Tiles_179.asset
  artifactKey: Guid(92bb12024b9d6cb459e2f41602af1e8b) Importer(815301076,1909f56bfc062723c751e8b465ee728b)
Start importing Assets/art and everything nice/Tilesets/Tiles_179.asset using Guid(92bb12024b9d6cb459e2f41602af1e8b) Importer(815301076,1909f56bfc062723c751e8b465ee728b) (PreviewImporter) -> (artifact id: 'b0fd736e7def5e7b2699e03cbd972c57') in 0.0175666 seconds
Number of updated asset objects reloaded before import = 0Number of asset objects unloaded after import = 3

========================================================================
Received Import Request.
  Time since last request: 0.000016 seconds.
  path: Assets/art and everything nice/Tilesets/Tiles_77.asset
  artifactKey: Guid(cce6b9ca9fe69f849939fe3b1994e142) Importer(815301076,1909f56bfc062723c751e8b465ee728b)
Start importing Assets/art and everything nice/Tilesets/Tiles_77.asset using Guid(cce6b9ca9fe69f849939fe3b1994e142) Importer(815301076,1909f56bfc062723c751e8b465ee728b) (PreviewImporter) -> (artifact id: '5c52169d24de9b6c600ecb35b0b1f2d9') in 0.0083739 seconds
Number of updated asset objects reloaded before import = 0Number of asset objects unloaded after import = 3

Editor requested this worker to shutdown with reason: Scaling down because of idle timeout
AssetImportWorker is now disconnected from the server
Process exiting
Exiting without the bug reporter. Application will terminate with return code 0