Using pre-set license
Built from '6000.1/staging' branch; Version is '6000.1.3f1 (f34db9734971) revision 15945145'; Using compiler version '194234433'; Build Type 'Release'
OS: 'Windows 10  (10.0.19045) 64bit CoreSingleLanguage' Language: 'en' Physical Memory: 32616 MB
BatchMode: 1, IsHumanControllingUs: 0, StartBugReporterOnCrash: 0, Is64bit: 1, IsPro: 1
Date: 2025-08-07T11:44:50Z

COMMAND LINE ARGUMENTS:
C:\Program Files\Unity\Hub\Editor\6000.1.3f1\Editor\Unity.exe
-adb2
-batchMode
-noUpm
-name
AssetImportWorker3
-projectPath
D:/[PROGRAMMING]/[GITHUB]/Cat-erpilar-Jump-Jump
-logFile
Logs/AssetImportWorker3.log
-srvPort
50640
-job-worker-count
7
-background-job-worker-count
8
-gc-helper-count
1
-name
AssetImport
Successfully changed project path to: D:/[PROGRAMMING]/[GITHUB]/Cat-erpilar-Jump-Jump
D:/[PROGRAMMING]/[GITHUB]/Cat-erpilar-Jump-Jump
[UnityMemory] Configuration Parameters - Can be set up in boot.config
    "memorysetup-allocator-temp-initial-block-size-main=262144"
    "memorysetup-allocator-temp-initial-block-size-worker=262144"
    "memorysetup-bucket-allocator-granularity=16"
    "memorysetup-bucket-allocator-bucket-count=8"
    "memorysetup-bucket-allocator-block-size=33554432"
    "memorysetup-bucket-allocator-block-count=8"
    "memorysetup-main-allocator-block-size=16777216"
    "memorysetup-thread-allocator-block-size=16777216"
    "memorysetup-gfx-main-allocator-block-size=16777216"
    "memorysetup-gfx-thread-allocator-block-size=16777216"
    "memorysetup-cache-allocator-block-size=4194304"
    "memorysetup-typetree-allocator-block-size=2097152"
    "memorysetup-profiler-bucket-allocator-granularity=16"
    "memorysetup-profiler-bucket-allocator-bucket-count=8"
    "memorysetup-profiler-bucket-allocator-block-size=33554432"
    "memorysetup-profiler-bucket-allocator-block-count=8"
    "memorysetup-profiler-allocator-block-size=16777216"
    "memorysetup-profiler-editor-allocator-block-size=1048576"
    "memorysetup-temp-allocator-size-main=16777216"
    "memorysetup-job-temp-allocator-block-size=2097152"
    "memorysetup-job-temp-allocator-block-size-background=1048576"
    "memorysetup-job-temp-allocator-reduction-small-platforms=262144"
    "memorysetup-temp-allocator-size-background-worker=32768"
    "memorysetup-temp-allocator-size-job-worker=262144"
    "memorysetup-temp-allocator-size-preload-manager=33554432"
    "memorysetup-temp-allocator-size-nav-mesh-worker=65536"
    "memorysetup-temp-allocator-size-audio-worker=65536"
    "memorysetup-temp-allocator-size-cloud-worker=32768"
    "memorysetup-temp-allocator-size-gi-baking-worker=262144"
    "memorysetup-temp-allocator-size-gi-baking-worker=262144"
    "memorysetup-temp-allocator-size-gi-baking-worker=262144"
    "memorysetup-temp-allocator-size-gi-baking-worker=262144"
    "memorysetup-temp-allocator-size-gi-baking-worker=262144"
    "memorysetup-temp-allocator-size-gfx=262144"
Player connection [5724]  Target information:

Player connection [5724]  * "[IP] 192.168.100.9 [Port] 0 [Flags] 2 [Guid] 2205436140 [EditorId] 2205436140 [Version] 1048832 [Id] WindowsEditor(7,DESKTOP-L3UL4MU) [Debug] 1 [PackageName] WindowsEditor [ProjectName] Editor" 

Player connection [5724] Host joined multi-casting on [225.0.0.222:54997]...
Player connection [5724] Host joined alternative multi-casting on [225.0.0.222:34997]...
JobSystem: Creating JobQueue using job-worker-count value 7
Input System module state changed to: Initialized.
[Physics::Module] Initialized fallback backend.
[Physics::Module] Id: 0xdecafbad
Library Redirect Path: Library/
[Physics::Module] Selected backend.
[Physics::Module] Name: PhysX
[Physics::Module] Id: 0xf2b8ea05
[Physics::Module] SDK Version: 4.1.2
[Physics::Module] Integration Version: 1.0.0
[Physics::Module] Threading Mode: Multi-Threaded
Refreshing native plugins compatible for Editor in 4.31 ms, found 4 plugins.
Preloading 0 native plugins for Editor in 0.00 ms.
Initialize engine version: 6000.1.3f1 (f34db9734971)
[Subsystems] Discovering subsystems at path C:/Program Files/Unity/Hub/Editor/6000.1.3f1/Editor/Data/Resources/UnitySubsystems
[Subsystems] Discovering subsystems at path D:/[PROGRAMMING]/[GITHUB]/Cat-erpilar-Jump-Jump/Assets
GfxDevice: creating device client; kGfxThreadingModeNonThreaded
Direct3D:
    Version:         Direct3D 12 [level 12.1]
    Renderer:        NVIDIA GeForce RTX 3070 Laptop GPU (ID=0x24dd)
    Vendor:          NVIDIA
    VRAM:            8020 MB
    App VRAM Budget: 7252 MB
    Driver:          32.0.15.6641
Initialize mono
Mono path[0] = 'C:/Program Files/Unity/Hub/Editor/6000.1.3f1/Editor/Data/Managed'
Mono path[1] = 'C:/Program Files/Unity/Hub/Editor/6000.1.3f1/Editor/Data/MonoBleedingEdge/lib/mono/unityjit-win32'
Mono config path = 'C:/Program Files/Unity/Hub/Editor/6000.1.3f1/Editor/Data/MonoBleedingEdge/etc'
Using monoOptions --debugger-agent=transport=dt_socket,embedding=1,server=y,suspend=n,address=127.0.0.1:56424
Begin MonoManager ReloadAssembly
Registering precompiled unity dll's ...
Register platform support module: C:/Program Files/Unity/Hub/Editor/6000.1.3f1/Editor/Data/PlaybackEngines/WindowsStandaloneSupport/UnityEditor.WindowsStandalone.Extensions.dll
Registered in 0.003054 seconds.
- Loaded All Assemblies, in  0.443 seconds
Native extension for WindowsStandalone target not found
Mono: successfully reloaded assembly
- Finished resetting the current domain, in  0.332 seconds
Domain Reload Profiling: 771ms
	BeginReloadAssembly (154ms)
		ExecutionOrderSort (0ms)
		DisableScriptedObjects (0ms)
		BackupInstance (0ms)
		ReleaseScriptingObjects (0ms)
		CreateAndSetChildDomain (1ms)
	RebuildCommonClasses (42ms)
	RebuildNativeTypeToScriptingClass (12ms)
	initialDomainReloadingComplete (59ms)
	LoadAllAssembliesAndSetupDomain (173ms)
		LoadAssemblies (150ms)
		RebuildTransferFunctionScriptingTraits (0ms)
		AnalyzeDomain (169ms)
			TypeCache.Refresh (168ms)
				TypeCache.ScanAssembly (154ms)
			BuildScriptInfoCaches (0ms)
			ResolveRequiredComponents (0ms)
	FinalizeReload (332ms)
		ReleaseScriptCaches (0ms)
		RebuildScriptCaches (0ms)
		SetupLoadedEditorAssemblies (285ms)
			LogAssemblyErrors (0ms)
			InitializePlatformSupportModulesInManaged (57ms)
			SetLoadedEditorAssemblies (4ms)
			BeforeProcessingInitializeOnLoad (55ms)
			ProcessInitializeOnLoadAttributes (116ms)
			ProcessInitializeOnLoadMethodAttributes (53ms)
			AfterProcessingInitializeOnLoad (0ms)
			EditorAssembliesLoaded (0ms)
		ExecutionOrderSort2 (0ms)
		AwakeInstancesAfterBackupRestoration (0ms)
========================================================================
Worker process is ready to serve import requests
Import Worker Mode flag is 0x00
Begin MonoManager ReloadAssembly
- Loaded All Assemblies, in  0.747 seconds
Refreshing native plugins compatible for Editor in 1.80 ms, found 4 plugins.
Native extension for WindowsStandalone target not found
Mono: successfully reloaded assembly
- Finished resetting the current domain, in  0.724 seconds
Domain Reload Profiling: 1467ms
	BeginReloadAssembly (172ms)
		ExecutionOrderSort (0ms)
		DisableScriptedObjects (6ms)
		BackupInstance (0ms)
		ReleaseScriptingObjects (0ms)
		CreateAndSetChildDomain (30ms)
	RebuildCommonClasses (34ms)
	RebuildNativeTypeToScriptingClass (12ms)
	initialDomainReloadingComplete (40ms)
	LoadAllAssembliesAndSetupDomain (486ms)
		LoadAssemblies (341ms)
		RebuildTransferFunctionScriptingTraits (0ms)
		AnalyzeDomain (242ms)
			TypeCache.Refresh (175ms)
				TypeCache.ScanAssembly (160ms)
			BuildScriptInfoCaches (53ms)
			ResolveRequiredComponents (10ms)
	FinalizeReload (724ms)
		ReleaseScriptCaches (0ms)
		RebuildScriptCaches (0ms)
		SetupLoadedEditorAssemblies (592ms)
			LogAssemblyErrors (0ms)
			InitializePlatformSupportModulesInManaged (2ms)
			SetLoadedEditorAssemblies (3ms)
			BeforeProcessingInitializeOnLoad (118ms)
			ProcessInitializeOnLoadAttributes (352ms)
			ProcessInitializeOnLoadMethodAttributes (110ms)
			AfterProcessingInitializeOnLoad (7ms)
			EditorAssembliesLoaded (0ms)
		ExecutionOrderSort2 (0ms)
		AwakeInstancesAfterBackupRestoration (7ms)
Launched and connected shader compiler UnityShaderCompiler.exe after 0.01 seconds
Refreshing native plugins compatible for Editor in 2.10 ms, found 4 plugins.
Preloading 0 native plugins for Editor in 0.00 ms.
Unloading 217 Unused Serialized files (Serialized files now loaded: 0)
Unloading 6597 unused Assets / (4.9 MB). Loaded Objects now: 7312.
Memory consumption went from 169.1 MB to 164.2 MB.
Total: 10.136700 ms (FindLiveObjects: 0.683100 ms CreateObjectMapping: 0.873100 ms MarkObjects: 5.833700 ms  DeleteObjects: 2.745500 ms)

========================================================================
Received Import Request.
  Time since last request: 15595.023003 seconds.
  path: Assets/art and everything nice/Tilesets/Tiles_81.asset
  artifactKey: Guid(f176326c42c794740a569733a4ae1d98) Importer(815301076,1909f56bfc062723c751e8b465ee728b)
Start importing Assets/art and everything nice/Tilesets/Tiles_81.asset using Guid(f176326c42c794740a569733a4ae1d98) Importer(815301076,1909f56bfc062723c751e8b465ee728b) (PreviewImporter) -> (artifact id: '5e18dd65b6b7043d773fb3fb7b81a4f5') in 0.0971593 seconds
Number of updated asset objects reloaded before import = 0Number of asset objects unloaded after import = 3

========================================================================
Received Import Request.
  Time since last request: 0.000025 seconds.
  path: Assets/art and everything nice/Tilesets/Tiles_87.asset
  artifactKey: Guid(ccd0e255369e57546bd3394128b5372c) Importer(815301076,1909f56bfc062723c751e8b465ee728b)
Start importing Assets/art and everything nice/Tilesets/Tiles_87.asset using Guid(ccd0e255369e57546bd3394128b5372c) Importer(815301076,1909f56bfc062723c751e8b465ee728b) (PreviewImporter) -> (artifact id: 'ae3208894f6a976f373b43097b8f61b7') in 0.0190065 seconds
Number of updated asset objects reloaded before import = 0Number of asset objects unloaded after import = 3

========================================================================
Received Import Request.
  Time since last request: 0.000027 seconds.
  path: Assets/art and everything nice/Tilesets/Tiles_89.asset
  artifactKey: Guid(2a124d800e4b45841b6176340e31336d) Importer(815301076,1909f56bfc062723c751e8b465ee728b)
Start importing Assets/art and everything nice/Tilesets/Tiles_89.asset using Guid(2a124d800e4b45841b6176340e31336d) Importer(815301076,1909f56bfc062723c751e8b465ee728b) (PreviewImporter) -> (artifact id: 'd5c64e7a4fb83dd210d6673d92885db0') in 0.0206119 seconds
Number of updated asset objects reloaded before import = 0Number of asset objects unloaded after import = 3

========================================================================
Received Import Request.
  Time since last request: 0.000020 seconds.
  path: Assets/art and everything nice/Tilesets/Tiles_88.asset
  artifactKey: Guid(4772fd8a849e8b247978b83450b6f88b) Importer(815301076,1909f56bfc062723c751e8b465ee728b)
Start importing Assets/art and everything nice/Tilesets/Tiles_88.asset using Guid(4772fd8a849e8b247978b83450b6f88b) Importer(815301076,1909f56bfc062723c751e8b465ee728b) (PreviewImporter) -> (artifact id: '523c258b1532d50913c52478fe93412f') in 0.0169341 seconds
Number of updated asset objects reloaded before import = 0Number of asset objects unloaded after import = 3

========================================================================
Received Import Request.
  Time since last request: 4.039941 seconds.
  path: Assets/art and everything nice/Tilesets/Tiles_97.asset
  artifactKey: Guid(51a3d3d2176576748bd50722c141ef77) Importer(815301076,1909f56bfc062723c751e8b465ee728b)
Start importing Assets/art and everything nice/Tilesets/Tiles_97.asset using Guid(51a3d3d2176576748bd50722c141ef77) Importer(815301076,1909f56bfc062723c751e8b465ee728b) (PreviewImporter) -> (artifact id: '47de042b8a2913ce1fe485bd93099c43') in 0.0163085 seconds
Number of updated asset objects reloaded before import = 0Number of asset objects unloaded after import = 3

========================================================================
Received Import Request.
  Time since last request: 0.000018 seconds.
  path: Assets/art and everything nice/Tilesets/Tiles_98.asset
  artifactKey: Guid(5420a665bdfe7d548b12988bd201bada) Importer(815301076,1909f56bfc062723c751e8b465ee728b)
Start importing Assets/art and everything nice/Tilesets/Tiles_98.asset using Guid(5420a665bdfe7d548b12988bd201bada) Importer(815301076,1909f56bfc062723c751e8b465ee728b) (PreviewImporter) -> (artifact id: '22a8bcf6393cb2e22889672351f22edd') in 0.0178851 seconds
Number of updated asset objects reloaded before import = 0Number of asset objects unloaded after import = 3

========================================================================
Received Import Request.
  Time since last request: 0.000019 seconds.
  path: Assets/art and everything nice/Tilesets/Tiles_110.asset
  artifactKey: Guid(e9a782695b524ca40a8f3b5aee6d0e77) Importer(815301076,1909f56bfc062723c751e8b465ee728b)
Start importing Assets/art and everything nice/Tilesets/Tiles_110.asset using Guid(e9a782695b524ca40a8f3b5aee6d0e77) Importer(815301076,1909f56bfc062723c751e8b465ee728b) (PreviewImporter) -> (artifact id: '9e9f61a001a38b2b51298975f3b5238f') in 0.0156635 seconds
Number of updated asset objects reloaded before import = 0Number of asset objects unloaded after import = 3

========================================================================
Received Import Request.
  Time since last request: 0.000022 seconds.
  path: Assets/art and everything nice/Tilesets/Tiles_100.asset
  artifactKey: Guid(38d6c6f34edb8a949949344641f9240b) Importer(815301076,1909f56bfc062723c751e8b465ee728b)
Start importing Assets/art and everything nice/Tilesets/Tiles_100.asset using Guid(38d6c6f34edb8a949949344641f9240b) Importer(815301076,1909f56bfc062723c751e8b465ee728b) (PreviewImporter) -> (artifact id: '5fb594974118a4d9fab3bf7f3c75dc82') in 0.0169584 seconds
Number of updated asset objects reloaded before import = 0Number of asset objects unloaded after import = 3

========================================================================
Received Import Request.
  Time since last request: 0.000017 seconds.
  path: Assets/art and everything nice/Tilesets/Tiles_102.asset
  artifactKey: Guid(333070bb7bb56e9458055d128b47ae27) Importer(815301076,1909f56bfc062723c751e8b465ee728b)
Start importing Assets/art and everything nice/Tilesets/Tiles_102.asset using Guid(333070bb7bb56e9458055d128b47ae27) Importer(815301076,1909f56bfc062723c751e8b465ee728b) (PreviewImporter) -> (artifact id: '40157648fbc6a5e72087791bc6b7034a') in 0.0169959 seconds
Number of updated asset objects reloaded before import = 0Number of asset objects unloaded after import = 3

========================================================================
Received Import Request.
  Time since last request: 0.000016 seconds.
  path: Assets/art and everything nice/Tilesets/Tiles_106.asset
  artifactKey: Guid(b55b756eff20729479ecc58f473bb8e5) Importer(815301076,1909f56bfc062723c751e8b465ee728b)
Start importing Assets/art and everything nice/Tilesets/Tiles_106.asset using Guid(b55b756eff20729479ecc58f473bb8e5) Importer(815301076,1909f56bfc062723c751e8b465ee728b) (PreviewImporter) -> (artifact id: '9164e6fee551aea47bf24e88a1226646') in 0.0170198 seconds
Number of updated asset objects reloaded before import = 0Number of asset objects unloaded after import = 3

========================================================================
Received Import Request.
  Time since last request: 0.000016 seconds.
  path: Assets/art and everything nice/Tilesets/Tiles_133.asset
  artifactKey: Guid(393b510c93bae8d498eb73efa5434ef3) Importer(815301076,1909f56bfc062723c751e8b465ee728b)
Start importing Assets/art and everything nice/Tilesets/Tiles_133.asset using Guid(393b510c93bae8d498eb73efa5434ef3) Importer(815301076,1909f56bfc062723c751e8b465ee728b) (PreviewImporter) -> (artifact id: '23b5975d44ea4b008ee517c4b8ad855f') in 0.0092087 seconds
Number of updated asset objects reloaded before import = 0Number of asset objects unloaded after import = 3

========================================================================
Received Import Request.
  Time since last request: 0.000018 seconds.
  path: Assets/art and everything nice/Tilesets/Tiles_125.asset
  artifactKey: Guid(a71df7eea36045348b9649e4476fc449) Importer(815301076,1909f56bfc062723c751e8b465ee728b)
Start importing Assets/art and everything nice/Tilesets/Tiles_125.asset using Guid(a71df7eea36045348b9649e4476fc449) Importer(815301076,1909f56bfc062723c751e8b465ee728b) (PreviewImporter) -> (artifact id: '22fbb0077eb22a1d02558df77052b954') in 0.0088445 seconds
Number of updated asset objects reloaded before import = 0Number of asset objects unloaded after import = 3

========================================================================
Received Import Request.
  Time since last request: 0.000026 seconds.
  path: Assets/art and everything nice/Tilesets/Tiles_154.asset
  artifactKey: Guid(c72e7375d70646e45b2cfbbc0793e060) Importer(815301076,1909f56bfc062723c751e8b465ee728b)
Start importing Assets/art and everything nice/Tilesets/Tiles_154.asset using Guid(c72e7375d70646e45b2cfbbc0793e060) Importer(815301076,1909f56bfc062723c751e8b465ee728b) (PreviewImporter) -> (artifact id: 'e3de6085d287a388c095ea5764ac78e3') in 0.0095811 seconds
Number of updated asset objects reloaded before import = 0Number of asset objects unloaded after import = 3

========================================================================
Received Import Request.
  Time since last request: 0.000014 seconds.
  path: Assets/art and everything nice/Tilesets/Tiles_140.asset
  artifactKey: Guid(b657213d3b9162946b5ae026f2f74b32) Importer(815301076,1909f56bfc062723c751e8b465ee728b)
Start importing Assets/art and everything nice/Tilesets/Tiles_140.asset using Guid(b657213d3b9162946b5ae026f2f74b32) Importer(815301076,1909f56bfc062723c751e8b465ee728b) (PreviewImporter) -> (artifact id: '007ad1a8dbe7e7204c899827afe5d8d8') in 0.0153697 seconds
Number of updated asset objects reloaded before import = 0Number of asset objects unloaded after import = 3

========================================================================
Received Import Request.
  Time since last request: 0.000017 seconds.
  path: Assets/art and everything nice/Tilesets/Tiles_124.asset
  artifactKey: Guid(2801a3f83d1479445b6a0a3fadc79cfa) Importer(815301076,1909f56bfc062723c751e8b465ee728b)
Start importing Assets/art and everything nice/Tilesets/Tiles_124.asset using Guid(2801a3f83d1479445b6a0a3fadc79cfa) Importer(815301076,1909f56bfc062723c751e8b465ee728b) (PreviewImporter) -> (artifact id: '8e25e9e8ca8bc9a86331d1752ffa8310') in 0.0075464 seconds
Number of updated asset objects reloaded before import = 0Number of asset objects unloaded after import = 3

========================================================================
Received Import Request.
  Time since last request: 0.000017 seconds.
  path: Assets/art and everything nice/Tilesets/Tiles_114.asset
  artifactKey: Guid(1fe2382c07508c44faeeaf1c1f1c335c) Importer(815301076,1909f56bfc062723c751e8b465ee728b)
Start importing Assets/art and everything nice/Tilesets/Tiles_114.asset using Guid(1fe2382c07508c44faeeaf1c1f1c335c) Importer(815301076,1909f56bfc062723c751e8b465ee728b) (PreviewImporter) -> (artifact id: '50dffb3a8d84dd4de7a48da289eaede5') in 0.0173363 seconds
Number of updated asset objects reloaded before import = 0Number of asset objects unloaded after import = 3

========================================================================
Received Import Request.
  Time since last request: 0.000017 seconds.
  path: Assets/art and everything nice/Tilesets/Tiles_168.asset
  artifactKey: Guid(38e16d6fab13abf42965404f4885592f) Importer(815301076,1909f56bfc062723c751e8b465ee728b)
Start importing Assets/art and everything nice/Tilesets/Tiles_168.asset using Guid(38e16d6fab13abf42965404f4885592f) Importer(815301076,1909f56bfc062723c751e8b465ee728b) (PreviewImporter) -> (artifact id: 'b8bc5fc89ac64ad156ddcd0202d58fee') in 0.0160373 seconds
Number of updated asset objects reloaded before import = 0Number of asset objects unloaded after import = 3

========================================================================
Received Import Request.
  Time since last request: 0.000025 seconds.
  path: Assets/art and everything nice/Tilesets/Tiles_192.asset
  artifactKey: Guid(a385962c454232544be4c9bc110e2b56) Importer(815301076,1909f56bfc062723c751e8b465ee728b)
Start importing Assets/art and everything nice/Tilesets/Tiles_192.asset using Guid(a385962c454232544be4c9bc110e2b56) Importer(815301076,1909f56bfc062723c751e8b465ee728b) (PreviewImporter) -> (artifact id: 'ef34af32c1e4316c61d7be492b354c0b') in 0.0151088 seconds
Number of updated asset objects reloaded before import = 0Number of asset objects unloaded after import = 3

========================================================================
Received Import Request.
  Time since last request: 0.000017 seconds.
  path: Assets/art and everything nice/Tilesets/Tiles_199.asset
  artifactKey: Guid(1d0be2727d862024c95806277e267884) Importer(815301076,1909f56bfc062723c751e8b465ee728b)
Start importing Assets/art and everything nice/Tilesets/Tiles_199.asset using Guid(1d0be2727d862024c95806277e267884) Importer(815301076,1909f56bfc062723c751e8b465ee728b) (PreviewImporter) -> (artifact id: 'edd1fe497430dfbf621cd3ff8591722f') in 0.0159721 seconds
Number of updated asset objects reloaded before import = 0Number of asset objects unloaded after import = 3

========================================================================
Received Import Request.
  Time since last request: 0.000016 seconds.
  path: Assets/art and everything nice/Tilesets/Tiles_178.asset
  artifactKey: Guid(3d9ade1dfcfd0aa438d2236fbd4540f4) Importer(815301076,1909f56bfc062723c751e8b465ee728b)
Start importing Assets/art and everything nice/Tilesets/Tiles_178.asset using Guid(3d9ade1dfcfd0aa438d2236fbd4540f4) Importer(815301076,1909f56bfc062723c751e8b465ee728b) (PreviewImporter) -> (artifact id: '99eeb8bedd144f4bd1851909e8b5d06d') in 0.015808 seconds
Number of updated asset objects reloaded before import = 0Number of asset objects unloaded after import = 3

========================================================================
Received Import Request.
  Time since last request: 0.000015 seconds.
  path: Assets/art and everything nice/Tilesets/Tiles_202.asset
  artifactKey: Guid(71579c3f7e7c9854990561b87a05dd6c) Importer(815301076,1909f56bfc062723c751e8b465ee728b)
Start importing Assets/art and everything nice/Tilesets/Tiles_202.asset using Guid(71579c3f7e7c9854990561b87a05dd6c) Importer(815301076,1909f56bfc062723c751e8b465ee728b) (PreviewImporter) -> (artifact id: 'd1644f8f3f79a213fcc7b65fb6821434') in 0.0161246 seconds
Number of updated asset objects reloaded before import = 0Number of asset objects unloaded after import = 3

========================================================================
Received Import Request.
  Time since last request: 0.000020 seconds.
  path: Assets/art and everything nice/Tilesets/Tiles_188.asset
  artifactKey: Guid(0d58721b55fea214c90b476ec442a241) Importer(815301076,1909f56bfc062723c751e8b465ee728b)
Start importing Assets/art and everything nice/Tilesets/Tiles_188.asset using Guid(0d58721b55fea214c90b476ec442a241) Importer(815301076,1909f56bfc062723c751e8b465ee728b) (PreviewImporter) -> (artifact id: '1d38f09daa2f40d29edc8718e93063bc') in 0.0151617 seconds
Number of updated asset objects reloaded before import = 0Number of asset objects unloaded after import = 3

========================================================================
Received Import Request.
  Time since last request: 0.000022 seconds.
  path: Assets/art and everything nice/Tilesets/Tiles_175.asset
  artifactKey: Guid(30170a893b24e4547ab543de2d7d360d) Importer(815301076,1909f56bfc062723c751e8b465ee728b)
Start importing Assets/art and everything nice/Tilesets/Tiles_175.asset using Guid(30170a893b24e4547ab543de2d7d360d) Importer(815301076,1909f56bfc062723c751e8b465ee728b) (PreviewImporter) -> (artifact id: 'b7bf6e33d4865ee342e4d3c55089449a') in 0.0163357 seconds
Number of updated asset objects reloaded before import = 0Number of asset objects unloaded after import = 3

========================================================================
Received Import Request.
  Time since last request: 0.000016 seconds.
  path: Assets/art and everything nice/Tilesets/Tiles_190.asset
  artifactKey: Guid(c29e335de2bfb524ca67bd9b5f4f1a1c) Importer(815301076,1909f56bfc062723c751e8b465ee728b)
Start importing Assets/art and everything nice/Tilesets/Tiles_190.asset using Guid(c29e335de2bfb524ca67bd9b5f4f1a1c) Importer(815301076,1909f56bfc062723c751e8b465ee728b) (PreviewImporter) -> (artifact id: 'c87f240a35298571e60782c2261c31b4') in 0.0167756 seconds
Number of updated asset objects reloaded before import = 0Number of asset objects unloaded after import = 3

========================================================================
Received Import Request.
  Time since last request: 0.000015 seconds.
  path: Assets/art and everything nice/Tilesets/Tiles_206.asset
  artifactKey: Guid(c7517d6be0bb73546b6346ebfbc06d17) Importer(815301076,1909f56bfc062723c751e8b465ee728b)
Start importing Assets/art and everything nice/Tilesets/Tiles_206.asset using Guid(c7517d6be0bb73546b6346ebfbc06d17) Importer(815301076,1909f56bfc062723c751e8b465ee728b) (PreviewImporter) -> (artifact id: '400a734f3ec72e68b4b4b35f0a9becb8') in 0.0185279 seconds
Number of updated asset objects reloaded before import = 0Number of asset objects unloaded after import = 3

========================================================================
Received Import Request.
  Time since last request: 0.000022 seconds.
  path: Assets/art and everything nice/Tilesets/Tiles_122.asset
  artifactKey: Guid(3da1a80f206331144995a8b039180431) Importer(815301076,1909f56bfc062723c751e8b465ee728b)
Start importing Assets/art and everything nice/Tilesets/Tiles_122.asset using Guid(3da1a80f206331144995a8b039180431) Importer(815301076,1909f56bfc062723c751e8b465ee728b) (PreviewImporter) -> (artifact id: 'b8ff5035dbd4742f8c1e43ccd91c2146') in 0.0175582 seconds
Number of updated asset objects reloaded before import = 0Number of asset objects unloaded after import = 3

========================================================================
Received Import Request.
  Time since last request: 0.000021 seconds.
  path: Assets/art and everything nice/Tilesets/Tiles_172.asset
  artifactKey: Guid(b3470e9375176b349bae701248725b1f) Importer(815301076,1909f56bfc062723c751e8b465ee728b)
Start importing Assets/art and everything nice/Tilesets/Tiles_172.asset using Guid(b3470e9375176b349bae701248725b1f) Importer(815301076,1909f56bfc062723c751e8b465ee728b) (PreviewImporter) -> (artifact id: 'e5977381e18b15283efb6733d109fefe') in 0.0171723 seconds
Number of updated asset objects reloaded before import = 0Number of asset objects unloaded after import = 3

========================================================================
Received Import Request.
  Time since last request: 0.000028 seconds.
  path: Assets/art and everything nice/Tilesets/Tiles_115.asset
  artifactKey: Guid(8b7664ec84e4df142bd125acfa463323) Importer(815301076,1909f56bfc062723c751e8b465ee728b)
Start importing Assets/art and everything nice/Tilesets/Tiles_115.asset using Guid(8b7664ec84e4df142bd125acfa463323) Importer(815301076,1909f56bfc062723c751e8b465ee728b) (PreviewImporter) -> (artifact id: '8afa29915e537ae1d2a87c1a7dc1a8a3') in 0.0165882 seconds
Number of updated asset objects reloaded before import = 0Number of asset objects unloaded after import = 3

========================================================================
Received Import Request.
  Time since last request: 0.000014 seconds.
  path: Assets/art and everything nice/Tilesets/Tiles_146.asset
  artifactKey: Guid(211daae1d66912546be1d54e49f02a56) Importer(815301076,1909f56bfc062723c751e8b465ee728b)
Start importing Assets/art and everything nice/Tilesets/Tiles_146.asset using Guid(211daae1d66912546be1d54e49f02a56) Importer(815301076,1909f56bfc062723c751e8b465ee728b) (PreviewImporter) -> (artifact id: '63cc427362fd1fe5dc38f55f0a164142') in 0.0089014 seconds
Number of updated asset objects reloaded before import = 0Number of asset objects unloaded after import = 3

========================================================================
Received Import Request.
  Time since last request: 0.000017 seconds.
  path: Assets/art and everything nice/Tilesets/Tiles_147.asset
  artifactKey: Guid(46fd25d72a7c80842ae775ddf142b9d7) Importer(815301076,1909f56bfc062723c751e8b465ee728b)
Start importing Assets/art and everything nice/Tilesets/Tiles_147.asset using Guid(46fd25d72a7c80842ae775ddf142b9d7) Importer(815301076,1909f56bfc062723c751e8b465ee728b) (PreviewImporter) -> (artifact id: '9638d5a1f5b7082da0d85a2d55b989b9') in 0.0080073 seconds
Number of updated asset objects reloaded before import = 0Number of asset objects unloaded after import = 3

========================================================================
Received Import Request.
  Time since last request: 0.000018 seconds.
  path: Assets/art and everything nice/Tilesets/Tiles_158.asset
  artifactKey: Guid(7bd30c68353a9bc4db5f64027ccb5d65) Importer(815301076,1909f56bfc062723c751e8b465ee728b)
Start importing Assets/art and everything nice/Tilesets/Tiles_158.asset using Guid(7bd30c68353a9bc4db5f64027ccb5d65) Importer(815301076,1909f56bfc062723c751e8b465ee728b) (PreviewImporter) -> (artifact id: '15884ddfc42dac43a0779ccd7a98d255') in 0.0093903 seconds
Number of updated asset objects reloaded before import = 0Number of asset objects unloaded after import = 3

========================================================================
Received Import Request.
  Time since last request: 0.000020 seconds.
  path: Assets/art and everything nice/Tilesets/Tiles_169.asset
  artifactKey: Guid(11bf0c8b9eeed5843a02cab530309285) Importer(815301076,1909f56bfc062723c751e8b465ee728b)
Start importing Assets/art and everything nice/Tilesets/Tiles_169.asset using Guid(11bf0c8b9eeed5843a02cab530309285) Importer(815301076,1909f56bfc062723c751e8b465ee728b) (PreviewImporter) -> (artifact id: 'b4ffe0e2ba1a556810f542bf71dc0527') in 0.0166283 seconds
Number of updated asset objects reloaded before import = 0Number of asset objects unloaded after import = 3

========================================================================
Received Import Request.
  Time since last request: 0.000030 seconds.
  path: Assets/art and everything nice/Tilesets/Tiles_173.asset
  artifactKey: Guid(f8bb0dc716f8d974c9a5b91ddaea2329) Importer(815301076,1909f56bfc062723c751e8b465ee728b)
Start importing Assets/art and everything nice/Tilesets/Tiles_173.asset using Guid(f8bb0dc716f8d974c9a5b91ddaea2329) Importer(815301076,1909f56bfc062723c751e8b465ee728b) (PreviewImporter) -> (artifact id: '8ba7a76f8222aa196fefb47a3ce89270') in 0.0156405 seconds
Number of updated asset objects reloaded before import = 0Number of asset objects unloaded after import = 3

========================================================================
Received Import Request.
  Time since last request: 0.000017 seconds.
  path: Assets/art and everything nice/Tilesets/Tiles_229.asset
  artifactKey: Guid(67135ff5a8b84194483226b78c9338bf) Importer(815301076,1909f56bfc062723c751e8b465ee728b)
Start importing Assets/art and everything nice/Tilesets/Tiles_229.asset using Guid(67135ff5a8b84194483226b78c9338bf) Importer(815301076,1909f56bfc062723c751e8b465ee728b) (PreviewImporter) -> (artifact id: 'f768760fe371887a16a598d6bc93d2ac') in 0.0168948 seconds
Number of updated asset objects reloaded before import = 0Number of asset objects unloaded after import = 3

========================================================================
Received Import Request.
  Time since last request: 0.000018 seconds.
  path: Assets/art and everything nice/Tilesets/Tiles_231.asset
  artifactKey: Guid(f63a18b9e51e80b46adfa3c895d89de4) Importer(815301076,1909f56bfc062723c751e8b465ee728b)
Start importing Assets/art and everything nice/Tilesets/Tiles_231.asset using Guid(f63a18b9e51e80b46adfa3c895d89de4) Importer(815301076,1909f56bfc062723c751e8b465ee728b) (PreviewImporter) -> (artifact id: '8a794d44e306672faaeddbc64dc2af9c') in 0.0157041 seconds
Number of updated asset objects reloaded before import = 0Number of asset objects unloaded after import = 3

========================================================================
Received Import Request.
  Time since last request: 0.000016 seconds.
  path: Assets/art and everything nice/Tilesets/Tiles_248.asset
  artifactKey: Guid(b2b61686327a59149b184e8eff85df90) Importer(815301076,1909f56bfc062723c751e8b465ee728b)
Start importing Assets/art and everything nice/Tilesets/Tiles_248.asset using Guid(b2b61686327a59149b184e8eff85df90) Importer(815301076,1909f56bfc062723c751e8b465ee728b) (PreviewImporter) -> (artifact id: '3301229b0ecb1a20e862ec46fedbf23d') in 0.0206074 seconds
Number of updated asset objects reloaded before import = 0Number of asset objects unloaded after import = 3

========================================================================
Received Import Request.
  Time since last request: 0.000021 seconds.
  path: Assets/art and everything nice/Tilesets/Tiles_220.asset
  artifactKey: Guid(66678111f11926d48aedf87a344a06a2) Importer(815301076,1909f56bfc062723c751e8b465ee728b)
Start importing Assets/art and everything nice/Tilesets/Tiles_220.asset using Guid(66678111f11926d48aedf87a344a06a2) Importer(815301076,1909f56bfc062723c751e8b465ee728b) (PreviewImporter) -> (artifact id: 'baf3c5c04832dfee4399c7d93f6534ca') in 0.0174204 seconds
Number of updated asset objects reloaded before import = 0Number of asset objects unloaded after import = 3

========================================================================
Received Import Request.
  Time since last request: 0.000025 seconds.
  path: Assets/art and everything nice/Tilesets/Tiles_221.asset
  artifactKey: Guid(f51b3bf85806f754a883b8f0b088f37b) Importer(815301076,1909f56bfc062723c751e8b465ee728b)
Start importing Assets/art and everything nice/Tilesets/Tiles_221.asset using Guid(f51b3bf85806f754a883b8f0b088f37b) Importer(815301076,1909f56bfc062723c751e8b465ee728b) (PreviewImporter) -> (artifact id: '1cf671711cf03991d370f1ab8c327305') in 0.0109322 seconds
Number of updated asset objects reloaded before import = 0Number of asset objects unloaded after import = 3

========================================================================
Received Import Request.
  Time since last request: 0.000017 seconds.
  path: Assets/art and everything nice/Tilesets/Tiles_247.asset
  artifactKey: Guid(0b2a39a9d2385494498ca1823a781567) Importer(815301076,1909f56bfc062723c751e8b465ee728b)
Start importing Assets/art and everything nice/Tilesets/Tiles_247.asset using Guid(0b2a39a9d2385494498ca1823a781567) Importer(815301076,1909f56bfc062723c751e8b465ee728b) (PreviewImporter) -> (artifact id: '7672967eb62e55f8e35d16a2980ad68e') in 0.0157276 seconds
Number of updated asset objects reloaded before import = 0Number of asset objects unloaded after import = 3

========================================================================
Received Import Request.
  Time since last request: 0.000032 seconds.
  path: Assets/art and everything nice/Tilesets/Tiles_234.asset
  artifactKey: Guid(bcf3ef25da99213498a4a17776a0d98d) Importer(815301076,1909f56bfc062723c751e8b465ee728b)
Start importing Assets/art and everything nice/Tilesets/Tiles_234.asset using Guid(bcf3ef25da99213498a4a17776a0d98d) Importer(815301076,1909f56bfc062723c751e8b465ee728b) (PreviewImporter) -> (artifact id: '88d254a2d042de552593bf757a13b7ef') in 0.0186666 seconds
Number of updated asset objects reloaded before import = 0Number of asset objects unloaded after import = 3

========================================================================
Received Import Request.
  Time since last request: 0.000018 seconds.
  path: Assets/art and everything nice/Tilesets/Tiles_261.asset
  artifactKey: Guid(5ef60f8baf2219b49a7b0cc2811b7b00) Importer(815301076,1909f56bfc062723c751e8b465ee728b)
Start importing Assets/art and everything nice/Tilesets/Tiles_261.asset using Guid(5ef60f8baf2219b49a7b0cc2811b7b00) Importer(815301076,1909f56bfc062723c751e8b465ee728b) (PreviewImporter) -> (artifact id: '9977ac500d9213bc48e1ab1d9f19b37f') in 0.0162414 seconds
Number of updated asset objects reloaded before import = 0Number of asset objects unloaded after import = 3

========================================================================
Received Import Request.
  Time since last request: 0.000019 seconds.
  path: Assets/art and everything nice/Tilesets/Tiles_236.asset
  artifactKey: Guid(b1b2f46525ed78646a629136cb9dd0cf) Importer(815301076,1909f56bfc062723c751e8b465ee728b)
Start importing Assets/art and everything nice/Tilesets/Tiles_236.asset using Guid(b1b2f46525ed78646a629136cb9dd0cf) Importer(815301076,1909f56bfc062723c751e8b465ee728b) (PreviewImporter) -> (artifact id: 'bc465c6ac69e1664167b7e332638b1f4') in 0.0077676 seconds
Number of updated asset objects reloaded before import = 0Number of asset objects unloaded after import = 3

========================================================================
Received Import Request.
  Time since last request: 0.000024 seconds.
  path: Assets/art and everything nice/Tilesets/Tiles_252.asset
  artifactKey: Guid(010b11751db65bb43b19df4dd1ccd2e2) Importer(815301076,1909f56bfc062723c751e8b465ee728b)
Start importing Assets/art and everything nice/Tilesets/Tiles_252.asset using Guid(010b11751db65bb43b19df4dd1ccd2e2) Importer(815301076,1909f56bfc062723c751e8b465ee728b) (PreviewImporter) -> (artifact id: 'a5dbe033890350ebfc658a0e03e56a59') in 0.0085705 seconds
Number of updated asset objects reloaded before import = 0Number of asset objects unloaded after import = 3

========================================================================
Received Import Request.
  Time since last request: 0.000016 seconds.
  path: Assets/art and everything nice/Tilesets/Tiles_262.asset
  artifactKey: Guid(3f1c2701e3595424dae5c8d6fcaa7757) Importer(815301076,1909f56bfc062723c751e8b465ee728b)
Start importing Assets/art and everything nice/Tilesets/Tiles_262.asset using Guid(3f1c2701e3595424dae5c8d6fcaa7757) Importer(815301076,1909f56bfc062723c751e8b465ee728b) (PreviewImporter) -> (artifact id: 'aa8080f778b0a52c01060860ad2c4622') in 0.0160396 seconds
Number of updated asset objects reloaded before import = 0Number of asset objects unloaded after import = 3

========================================================================
Received Import Request.
  Time since last request: 0.000021 seconds.
  path: Assets/art and everything nice/Tilesets/Tiles_176.asset
  artifactKey: Guid(0d729036e0828244baba9de5419e3910) Importer(815301076,1909f56bfc062723c751e8b465ee728b)
Start importing Assets/art and everything nice/Tilesets/Tiles_176.asset using Guid(0d729036e0828244baba9de5419e3910) Importer(815301076,1909f56bfc062723c751e8b465ee728b) (PreviewImporter) -> (artifact id: '96f92f8bcb0450ab2a38f7e799b1451e') in 0.0158691 seconds
Number of updated asset objects reloaded before import = 0Number of asset objects unloaded after import = 3

========================================================================
Received Import Request.
  Time since last request: 0.000016 seconds.
  path: Assets/art and everything nice/Tilesets/Tiles_210.asset
  artifactKey: Guid(941a05be0781ecd45b55f855d959b2f4) Importer(815301076,1909f56bfc062723c751e8b465ee728b)
Start importing Assets/art and everything nice/Tilesets/Tiles_210.asset using Guid(941a05be0781ecd45b55f855d959b2f4) Importer(815301076,1909f56bfc062723c751e8b465ee728b) (PreviewImporter) -> (artifact id: 'e3ff7f27d7618337d2fe5f363b371b9a') in 0.0154259 seconds
Number of updated asset objects reloaded before import = 0Number of asset objects unloaded after import = 3

========================================================================
Received Import Request.
  Time since last request: 0.000018 seconds.
  path: Assets/art and everything nice/Tilesets/Tiles_183.asset
  artifactKey: Guid(385d32eb6765c5a4cadf690f36c443b7) Importer(815301076,1909f56bfc062723c751e8b465ee728b)
Start importing Assets/art and everything nice/Tilesets/Tiles_183.asset using Guid(385d32eb6765c5a4cadf690f36c443b7) Importer(815301076,1909f56bfc062723c751e8b465ee728b) (PreviewImporter) -> (artifact id: '1f0c6cab5f86737a719d1243fe0dd563') in 0.0154477 seconds
Number of updated asset objects reloaded before import = 0Number of asset objects unloaded after import = 3

========================================================================
Received Import Request.
  Time since last request: 0.000027 seconds.
  path: Assets/art and everything nice/Tilesets/Tiles_260.asset
  artifactKey: Guid(a7a90f7459ddba64793c71463d9fb429) Importer(815301076,1909f56bfc062723c751e8b465ee728b)
Start importing Assets/art and everything nice/Tilesets/Tiles_260.asset using Guid(a7a90f7459ddba64793c71463d9fb429) Importer(815301076,1909f56bfc062723c751e8b465ee728b) (PreviewImporter) -> (artifact id: '3b3ace87fb223a11d0ccbe86565d687d') in 0.0076832 seconds
Number of updated asset objects reloaded before import = 0Number of asset objects unloaded after import = 3

========================================================================
Received Import Request.
  Time since last request: 0.000017 seconds.
  path: Assets/art and everything nice/Tilesets/Tiles_213.asset
  artifactKey: Guid(80b47f3bca32aa64dbcf3cbfc18baa49) Importer(815301076,1909f56bfc062723c751e8b465ee728b)
Start importing Assets/art and everything nice/Tilesets/Tiles_213.asset using Guid(80b47f3bca32aa64dbcf3cbfc18baa49) Importer(815301076,1909f56bfc062723c751e8b465ee728b) (PreviewImporter) -> (artifact id: 'b84d352cf3100fd0ee4c9587186ad822') in 0.015675 seconds
Number of updated asset objects reloaded before import = 0Number of asset objects unloaded after import = 3

========================================================================
Received Import Request.
  Time since last request: 0.000018 seconds.
  path: Assets/art and everything nice/Tilesets/Tiles_228.asset
  artifactKey: Guid(561677b79dd022a4c87120de32de7286) Importer(815301076,1909f56bfc062723c751e8b465ee728b)
Start importing Assets/art and everything nice/Tilesets/Tiles_228.asset using Guid(561677b79dd022a4c87120de32de7286) Importer(815301076,1909f56bfc062723c751e8b465ee728b) (PreviewImporter) -> (artifact id: '283a0043bea5ad10967980b4f78a63a9') in 0.0084072 seconds
Number of updated asset objects reloaded before import = 0Number of asset objects unloaded after import = 3

========================================================================
Received Import Request.
  Time since last request: 0.000015 seconds.
  path: Assets/art and everything nice/Tilesets/Tiles_214.asset
  artifactKey: Guid(665e462f842a49341a6e82880e2de8e9) Importer(815301076,1909f56bfc062723c751e8b465ee728b)
Start importing Assets/art and everything nice/Tilesets/Tiles_214.asset using Guid(665e462f842a49341a6e82880e2de8e9) Importer(815301076,1909f56bfc062723c751e8b465ee728b) (PreviewImporter) -> (artifact id: 'cad8aebedb797708e277217e4c138270') in 0.0187219 seconds
Number of updated asset objects reloaded before import = 0Number of asset objects unloaded after import = 3

========================================================================
Received Import Request.
  Time since last request: 0.000017 seconds.
  path: Assets/art and everything nice/Tilesets/Tiles_180.asset
  artifactKey: Guid(4ec852a7f7e7cdc46b9d31b14204ca19) Importer(815301076,1909f56bfc062723c751e8b465ee728b)
Start importing Assets/art and everything nice/Tilesets/Tiles_180.asset using Guid(4ec852a7f7e7cdc46b9d31b14204ca19) Importer(815301076,1909f56bfc062723c751e8b465ee728b) (PreviewImporter) -> (artifact id: '4b110f819ac08fa74176a2fd29e87dbd') in 0.0166958 seconds
Number of updated asset objects reloaded before import = 0Number of asset objects unloaded after import = 3

========================================================================
Received Import Request.
  Time since last request: 0.000033 seconds.
  path: Assets/art and everything nice/Tilesets/Tiles_155.asset
  artifactKey: Guid(681556f8d5991504ab821b97a0050e97) Importer(815301076,1909f56bfc062723c751e8b465ee728b)
Start importing Assets/art and everything nice/Tilesets/Tiles_155.asset using Guid(681556f8d5991504ab821b97a0050e97) Importer(815301076,1909f56bfc062723c751e8b465ee728b) (PreviewImporter) -> (artifact id: 'f141566ad8704dcaa52a4a4edbb2b97b') in 0.0090472 seconds
Number of updated asset objects reloaded before import = 0Number of asset objects unloaded after import = 3

========================================================================
Received Import Request.
  Time since last request: 0.000017 seconds.
  path: Assets/art and everything nice/Tilesets/Tiles_117.asset
  artifactKey: Guid(28a2b9beca04a194e90f32697df9c638) Importer(815301076,1909f56bfc062723c751e8b465ee728b)
Start importing Assets/art and everything nice/Tilesets/Tiles_117.asset using Guid(28a2b9beca04a194e90f32697df9c638) Importer(815301076,1909f56bfc062723c751e8b465ee728b) (PreviewImporter) -> (artifact id: '8738c01b32c5565465c4a5654e0f4822') in 0.0157725 seconds
Number of updated asset objects reloaded before import = 0Number of asset objects unloaded after import = 3

========================================================================
Received Import Request.
  Time since last request: 0.000016 seconds.
  path: Assets/art and everything nice/Tilesets/Tiles_189.asset
  artifactKey: Guid(ae251cb929ff0bb4aae32d76e1c7a68c) Importer(815301076,1909f56bfc062723c751e8b465ee728b)
Start importing Assets/art and everything nice/Tilesets/Tiles_189.asset using Guid(ae251cb929ff0bb4aae32d76e1c7a68c) Importer(815301076,1909f56bfc062723c751e8b465ee728b) (PreviewImporter) -> (artifact id: '382a9ca40546232855e79f42a41a8431') in 0.0164697 seconds
Number of updated asset objects reloaded before import = 0Number of asset objects unloaded after import = 3

========================================================================
Received Import Request.
  Time since last request: 0.000018 seconds.
  path: Assets/art and everything nice/Tilesets/Tiles_241.asset
  artifactKey: Guid(92c14307a6b82264d89eb18b3008f2c9) Importer(815301076,1909f56bfc062723c751e8b465ee728b)
Start importing Assets/art and everything nice/Tilesets/Tiles_241.asset using Guid(92c14307a6b82264d89eb18b3008f2c9) Importer(815301076,1909f56bfc062723c751e8b465ee728b) (PreviewImporter) -> (artifact id: '1322e3487acd59aff68b9bc2cacfd0c6') in 0.0080609 seconds
Number of updated asset objects reloaded before import = 0Number of asset objects unloaded after import = 3

========================================================================
Received Import Request.
  Time since last request: 0.000020 seconds.
  path: Assets/art and everything nice/Tilesets/Tiles_136.asset
  artifactKey: Guid(ae0ddce79baba254d8b8c24eec5cadbc) Importer(815301076,1909f56bfc062723c751e8b465ee728b)
Start importing Assets/art and everything nice/Tilesets/Tiles_136.asset using Guid(ae0ddce79baba254d8b8c24eec5cadbc) Importer(815301076,1909f56bfc062723c751e8b465ee728b) (PreviewImporter) -> (artifact id: '0f46b9118696fa01c66c0c26da72b031') in 0.0086299 seconds
Number of updated asset objects reloaded before import = 0Number of asset objects unloaded after import = 3

========================================================================
Received Import Request.
  Time since last request: 0.000030 seconds.
  path: Assets/art and everything nice/Tilesets/Tiles_212.asset
  artifactKey: Guid(7f690645a7f31df4aa4f51be6b61d7bd) Importer(815301076,1909f56bfc062723c751e8b465ee728b)
Start importing Assets/art and everything nice/Tilesets/Tiles_212.asset using Guid(7f690645a7f31df4aa4f51be6b61d7bd) Importer(815301076,1909f56bfc062723c751e8b465ee728b) (PreviewImporter) -> (artifact id: '9fa1b2f2b5a6501e2cdfb592184935e6') in 0.0077337 seconds
Number of updated asset objects reloaded before import = 0Number of asset objects unloaded after import = 3

========================================================================
Received Import Request.
  Time since last request: 0.000022 seconds.
  path: Assets/art and everything nice/Tilesets/Tiles_135.asset
  artifactKey: Guid(768c93d20de418d4b892f68f6f441244) Importer(815301076,1909f56bfc062723c751e8b465ee728b)
Start importing Assets/art and everything nice/Tilesets/Tiles_135.asset using Guid(768c93d20de418d4b892f68f6f441244) Importer(815301076,1909f56bfc062723c751e8b465ee728b) (PreviewImporter) -> (artifact id: '3fe929a5f7a8d86174b03c2389825e60') in 0.0079981 seconds
Number of updated asset objects reloaded before import = 0Number of asset objects unloaded after import = 3

========================================================================
Received Import Request.
  Time since last request: 0.000017 seconds.
  path: Assets/art and everything nice/Tilesets/Tiles_223.asset
  artifactKey: Guid(b0dc6f59083045a478c77b1d7faf4c95) Importer(815301076,1909f56bfc062723c751e8b465ee728b)
Start importing Assets/art and everything nice/Tilesets/Tiles_223.asset using Guid(b0dc6f59083045a478c77b1d7faf4c95) Importer(815301076,1909f56bfc062723c751e8b465ee728b) (PreviewImporter) -> (artifact id: '87695ff3df961dd60addfb36008e9a7b') in 0.0163002 seconds
Number of updated asset objects reloaded before import = 0Number of asset objects unloaded after import = 3

========================================================================
Received Import Request.
  Time since last request: 0.000018 seconds.
  path: Assets/art and everything nice/Tilesets/Tiles_177.asset
  artifactKey: Guid(8386c9c2af54179489d44eac3cc950f6) Importer(815301076,1909f56bfc062723c751e8b465ee728b)
Start importing Assets/art and everything nice/Tilesets/Tiles_177.asset using Guid(8386c9c2af54179489d44eac3cc950f6) Importer(815301076,1909f56bfc062723c751e8b465ee728b) (PreviewImporter) -> (artifact id: 'f31413bd00639450fe728ca1b04f8d56') in 0.0206541 seconds
Number of updated asset objects reloaded before import = 0Number of asset objects unloaded after import = 3

========================================================================
Received Import Request.
  Time since last request: 45.133617 seconds.
  path: Assets/art and everything nice/Tilesets/Tiles_0.asset
  artifactKey: Guid(87516da7adfe4df4386e4217e866f043) Importer(815301076,1909f56bfc062723c751e8b465ee728b)
Start importing Assets/art and everything nice/Tilesets/Tiles_0.asset using Guid(87516da7adfe4df4386e4217e866f043) Importer(815301076,1909f56bfc062723c751e8b465ee728b) (PreviewImporter) -> (artifact id: 'd2f29045990eff50a7ddb048b7cedf7f') in 0.0077665 seconds
Number of updated asset objects reloaded before import = 0Number of asset objects unloaded after import = 3

========================================================================
Received Import Request.
  Time since last request: 0.000017 seconds.
  path: Assets/art and everything nice/Tilesets/Tiles_19.asset
  artifactKey: Guid(5cb326f56c8e83d49b801f557e2b003a) Importer(815301076,1909f56bfc062723c751e8b465ee728b)
Start importing Assets/art and everything nice/Tilesets/Tiles_19.asset using Guid(5cb326f56c8e83d49b801f557e2b003a) Importer(815301076,1909f56bfc062723c751e8b465ee728b) (PreviewImporter) -> (artifact id: '3f1ba18898a3804c0fcb754f6f569c31') in 0.008108 seconds
Number of updated asset objects reloaded before import = 0Number of asset objects unloaded after import = 3

========================================================================
Received Import Request.
  Time since last request: 0.000017 seconds.
  path: Assets/art and everything nice/Tilesets/Tiles_78.asset
  artifactKey: Guid(fb60666cbcc9bf544aa9dab94ed50b9a) Importer(815301076,1909f56bfc062723c751e8b465ee728b)
Start importing Assets/art and everything nice/Tilesets/Tiles_78.asset using Guid(fb60666cbcc9bf544aa9dab94ed50b9a) Importer(815301076,1909f56bfc062723c751e8b465ee728b) (PreviewImporter) -> (artifact id: '39a320a7d26148fe532dee535fadf16b') in 0.0210493 seconds
Number of updated asset objects reloaded before import = 0Number of asset objects unloaded after import = 3

========================================================================
Received Import Request.
  Time since last request: 0.000025 seconds.
  path: Assets/art and everything nice/Tilesets/Tiles_38.asset
  artifactKey: Guid(0882f291214ede8449ed5abd2863a720) Importer(815301076,1909f56bfc062723c751e8b465ee728b)
Start importing Assets/art and everything nice/Tilesets/Tiles_38.asset using Guid(0882f291214ede8449ed5abd2863a720) Importer(815301076,1909f56bfc062723c751e8b465ee728b) (PreviewImporter) -> (artifact id: '3fcdd3e080fc08b134d6593d1af84ed1') in 0.0103511 seconds
Number of updated asset objects reloaded before import = 0Number of asset objects unloaded after import = 3

========================================================================
Received Import Request.
  Time since last request: 0.000026 seconds.
  path: Assets/art and everything nice/Tilesets/Tiles_1.asset
  artifactKey: Guid(f197246798eb4b14eabf2bcf39c75370) Importer(815301076,1909f56bfc062723c751e8b465ee728b)
Start importing Assets/art and everything nice/Tilesets/Tiles_1.asset using Guid(f197246798eb4b14eabf2bcf39c75370) Importer(815301076,1909f56bfc062723c751e8b465ee728b) (PreviewImporter) -> (artifact id: '8a1ebbff390a6ab303cea9e8802e2984') in 0.007956 seconds
Number of updated asset objects reloaded before import = 0Number of asset objects unloaded after import = 3

========================================================================
Received Import Request.
  Time since last request: 0.000017 seconds.
  path: Assets/art and everything nice/Tilesets/Tiles_2.asset
  artifactKey: Guid(702d5bfd8be329945842bc49362ebcdc) Importer(815301076,1909f56bfc062723c751e8b465ee728b)
Start importing Assets/art and everything nice/Tilesets/Tiles_2.asset using Guid(702d5bfd8be329945842bc49362ebcdc) Importer(815301076,1909f56bfc062723c751e8b465ee728b) (PreviewImporter) -> (artifact id: '79e0bd2ceb67e1c5d38c195685d13d96') in 0.0156696 seconds
Number of updated asset objects reloaded before import = 0Number of asset objects unloaded after import = 3

========================================================================
Received Import Request.
  Time since last request: 0.000018 seconds.
  path: Assets/art and everything nice/Tilesets/Tiles_14.asset
  artifactKey: Guid(929102a9a9d949841a24aaf21a57c782) Importer(815301076,1909f56bfc062723c751e8b465ee728b)
Start importing Assets/art and everything nice/Tilesets/Tiles_14.asset using Guid(929102a9a9d949841a24aaf21a57c782) Importer(815301076,1909f56bfc062723c751e8b465ee728b) (PreviewImporter) -> (artifact id: '2efe506befdd6860a54c32342eb7006f') in 0.0098934 seconds
Number of updated asset objects reloaded before import = 0Number of asset objects unloaded after import = 3

========================================================================
Received Import Request.
  Time since last request: 0.000018 seconds.
  path: Assets/art and everything nice/Tilesets/Tiles_64.asset
  artifactKey: Guid(87749e06754ac9143b7544ad249017a6) Importer(815301076,1909f56bfc062723c751e8b465ee728b)
Start importing Assets/art and everything nice/Tilesets/Tiles_64.asset using Guid(87749e06754ac9143b7544ad249017a6) Importer(815301076,1909f56bfc062723c751e8b465ee728b) (PreviewImporter) -> (artifact id: '436a8d3abdd297dca267f5a7759623fd') in 0.0077383 seconds
Number of updated asset objects reloaded before import = 0Number of asset objects unloaded after import = 3

========================================================================
Received Import Request.
  Time since last request: 0.000019 seconds.
  path: Assets/art and everything nice/Tilesets/Tiles_70.asset
  artifactKey: Guid(88eb74b9237beac449b500f83f5da147) Importer(815301076,1909f56bfc062723c751e8b465ee728b)
Start importing Assets/art and everything nice/Tilesets/Tiles_70.asset using Guid(88eb74b9237beac449b500f83f5da147) Importer(815301076,1909f56bfc062723c751e8b465ee728b) (PreviewImporter) -> (artifact id: '95f5224709fe1826d4642d1e69fedb8f') in 0.0077742 seconds
Number of updated asset objects reloaded before import = 0Number of asset objects unloaded after import = 3

========================================================================
Received Import Request.
  Time since last request: 0.000026 seconds.
  path: Assets/art and everything nice/Tilesets/Tiles_21.asset
  artifactKey: Guid(9c265e4580ee4d54da5954e5b041e59b) Importer(815301076,1909f56bfc062723c751e8b465ee728b)
Start importing Assets/art and everything nice/Tilesets/Tiles_21.asset using Guid(9c265e4580ee4d54da5954e5b041e59b) Importer(815301076,1909f56bfc062723c751e8b465ee728b) (PreviewImporter) -> (artifact id: '3f80072a98005ce17cd3ac1040f24dff') in 0.0081956 seconds
Number of updated asset objects reloaded before import = 0Number of asset objects unloaded after import = 3

========================================================================
Received Import Request.
  Time since last request: 0.000017 seconds.
  path: Assets/art and everything nice/Tilesets/Tiles_46.asset
  artifactKey: Guid(0023bf3da42a9dd48ba2b47d39db8a71) Importer(815301076,1909f56bfc062723c751e8b465ee728b)
Start importing Assets/art and everything nice/Tilesets/Tiles_46.asset using Guid(0023bf3da42a9dd48ba2b47d39db8a71) Importer(815301076,1909f56bfc062723c751e8b465ee728b) (PreviewImporter) -> (artifact id: '71e0b3939b5413ecc7401ba439122bb0') in 0.0097318 seconds
Number of updated asset objects reloaded before import = 0Number of asset objects unloaded after import = 3

========================================================================
Received Import Request.
  Time since last request: 0.000020 seconds.
  path: Assets/art and everything nice/Tilesets/Tiles_16.asset
  artifactKey: Guid(04c6713223e24774d82c982af18d7e69) Importer(815301076,1909f56bfc062723c751e8b465ee728b)
Start importing Assets/art and everything nice/Tilesets/Tiles_16.asset using Guid(04c6713223e24774d82c982af18d7e69) Importer(815301076,1909f56bfc062723c751e8b465ee728b) (PreviewImporter) -> (artifact id: '9c294fd89da4f955b36bce991774b6ba') in 0.0087837 seconds
Number of updated asset objects reloaded before import = 0Number of asset objects unloaded after import = 3

========================================================================
Received Import Request.
  Time since last request: 0.000021 seconds.
  path: Assets/art and everything nice/Tilesets/Tiles_75.asset
  artifactKey: Guid(c4f7a229cfaf9a94ca0b213d1872c71a) Importer(815301076,1909f56bfc062723c751e8b465ee728b)
Start importing Assets/art and everything nice/Tilesets/Tiles_75.asset using Guid(c4f7a229cfaf9a94ca0b213d1872c71a) Importer(815301076,1909f56bfc062723c751e8b465ee728b) (PreviewImporter) -> (artifact id: 'c4816b75a1820c8e8a55861dd86c7aa7') in 0.0104251 seconds
Number of updated asset objects reloaded before import = 0Number of asset objects unloaded after import = 3

========================================================================
Received Import Request.
  Time since last request: 0.000020 seconds.
  path: Assets/art and everything nice/Tilesets/Tiles_3.asset
  artifactKey: Guid(3674cc82aff2c1a42824f828d9f9e9b7) Importer(815301076,1909f56bfc062723c751e8b465ee728b)
Start importing Assets/art and everything nice/Tilesets/Tiles_3.asset using Guid(3674cc82aff2c1a42824f828d9f9e9b7) Importer(815301076,1909f56bfc062723c751e8b465ee728b) (PreviewImporter) -> (artifact id: '97cc910b54be9f6ad6dd6205e8512807') in 0.0077849 seconds
Number of updated asset objects reloaded before import = 0Number of asset objects unloaded after import = 3

========================================================================
Received Import Request.
  Time since last request: 0.000027 seconds.
  path: Assets/art and everything nice/Tilesets/Tiles_58.asset
  artifactKey: Guid(e3596295523c8b34a8085e85ae7f7f62) Importer(815301076,1909f56bfc062723c751e8b465ee728b)
Start importing Assets/art and everything nice/Tilesets/Tiles_58.asset using Guid(e3596295523c8b34a8085e85ae7f7f62) Importer(815301076,1909f56bfc062723c751e8b465ee728b) (PreviewImporter) -> (artifact id: '12f340d0f53daa3eafa35e6bd8fe8dc5') in 0.0080501 seconds
Number of updated asset objects reloaded before import = 0Number of asset objects unloaded after import = 3

========================================================================
Received Import Request.
  Time since last request: 0.000018 seconds.
  path: Assets/art and everything nice/Tilesets/Tiles_9.asset
  artifactKey: Guid(9591309431a115541af893c79ec47130) Importer(815301076,1909f56bfc062723c751e8b465ee728b)
Start importing Assets/art and everything nice/Tilesets/Tiles_9.asset using Guid(9591309431a115541af893c79ec47130) Importer(815301076,1909f56bfc062723c751e8b465ee728b) (PreviewImporter) -> (artifact id: '689db987d6881707dd66684be95bb894') in 0.0085563 seconds
Number of updated asset objects reloaded before import = 0Number of asset objects unloaded after import = 3

========================================================================
Received Import Request.
  Time since last request: 0.000018 seconds.
  path: Assets/art and everything nice/Tilesets/Tiles_13.asset
  artifactKey: Guid(a4d847b50ce1bec4b8b38bd3484fbb62) Importer(815301076,1909f56bfc062723c751e8b465ee728b)
Start importing Assets/art and everything nice/Tilesets/Tiles_13.asset using Guid(a4d847b50ce1bec4b8b38bd3484fbb62) Importer(815301076,1909f56bfc062723c751e8b465ee728b) (PreviewImporter) -> (artifact id: 'a94f2b208b482c9c15c0c27f3320cb7e') in 0.0169856 seconds
Number of updated asset objects reloaded before import = 0Number of asset objects unloaded after import = 3

========================================================================
Received Import Request.
  Time since last request: 0.000030 seconds.
  path: Assets/art and everything nice/Tilesets/Tiles_56.asset
  artifactKey: Guid(2afb7939fd5e5114cb7a8b56586ebe71) Importer(815301076,1909f56bfc062723c751e8b465ee728b)
Start importing Assets/art and everything nice/Tilesets/Tiles_56.asset using Guid(2afb7939fd5e5114cb7a8b56586ebe71) Importer(815301076,1909f56bfc062723c751e8b465ee728b) (PreviewImporter) -> (artifact id: 'bced47d5145d80c2fee1f5e7902c1f33') in 0.0084063 seconds
Number of updated asset objects reloaded before import = 0Number of asset objects unloaded after import = 3

========================================================================
Received Import Request.
  Time since last request: 0.000019 seconds.
  path: Assets/art and everything nice/Tilesets/Tiles_65.asset
  artifactKey: Guid(95f0486742f090e4b9008d7fe03f104c) Importer(815301076,1909f56bfc062723c751e8b465ee728b)
Start importing Assets/art and everything nice/Tilesets/Tiles_65.asset using Guid(95f0486742f090e4b9008d7fe03f104c) Importer(815301076,1909f56bfc062723c751e8b465ee728b) (PreviewImporter) -> (artifact id: 'f8b31b3db7d627e3be9a0ac38c7b1cf7') in 0.0100269 seconds
Number of updated asset objects reloaded before import = 0Number of asset objects unloaded after import = 3

========================================================================
Received Import Request.
  Time since last request: 0.000029 seconds.
  path: Assets/art and everything nice/Tilesets/Tiles_42.asset
  artifactKey: Guid(f0e6f77cff8a01540a3a37037f51d22b) Importer(815301076,1909f56bfc062723c751e8b465ee728b)
Start importing Assets/art and everything nice/Tilesets/Tiles_42.asset using Guid(f0e6f77cff8a01540a3a37037f51d22b) Importer(815301076,1909f56bfc062723c751e8b465ee728b) (PreviewImporter) -> (artifact id: 'efcee495be727084eb95a792c5499e91') in 0.0078964 seconds
Number of updated asset objects reloaded before import = 0Number of asset objects unloaded after import = 3

========================================================================
Received Import Request.
  Time since last request: 0.000017 seconds.
  path: Assets/art and everything nice/Tilesets/Tiles_50.asset
  artifactKey: Guid(8c1782d3bddf40c4882122bc50064728) Importer(815301076,1909f56bfc062723c751e8b465ee728b)
Start importing Assets/art and everything nice/Tilesets/Tiles_50.asset using Guid(8c1782d3bddf40c4882122bc50064728) Importer(815301076,1909f56bfc062723c751e8b465ee728b) (PreviewImporter) -> (artifact id: '6ad334aad790c23cf58cb1a60cafe687') in 0.0157512 seconds
Number of updated asset objects reloaded before import = 0Number of asset objects unloaded after import = 3

========================================================================
Received Import Request.
  Time since last request: 0.000023 seconds.
  path: Assets/art and everything nice/Tilesets/Tiles_33.asset
  artifactKey: Guid(05fd2c039674c7d4e84e3970631e6e47) Importer(815301076,1909f56bfc062723c751e8b465ee728b)
Start importing Assets/art and everything nice/Tilesets/Tiles_33.asset using Guid(05fd2c039674c7d4e84e3970631e6e47) Importer(815301076,1909f56bfc062723c751e8b465ee728b) (PreviewImporter) -> (artifact id: '8f81d8281e7726a2615123b8b301750d') in 0.0090005 seconds
Number of updated asset objects reloaded before import = 0Number of asset objects unloaded after import = 3

========================================================================
Received Import Request.
  Time since last request: 0.000019 seconds.
  path: Assets/art and everything nice/Tilesets/Tiles_63.asset
  artifactKey: Guid(d32b29ac75be8f6468f6d76d2b6ac35c) Importer(815301076,1909f56bfc062723c751e8b465ee728b)
Start importing Assets/art and everything nice/Tilesets/Tiles_63.asset using Guid(d32b29ac75be8f6468f6d76d2b6ac35c) Importer(815301076,1909f56bfc062723c751e8b465ee728b) (PreviewImporter) -> (artifact id: '5498832c2fa31124fadfbe2dfb0bd6f5') in 0.0082794 seconds
Number of updated asset objects reloaded before import = 0Number of asset objects unloaded after import = 3

========================================================================
Received Import Request.
  Time since last request: 0.000022 seconds.
  path: Assets/art and everything nice/Tilesets/Tiles_69.asset
  artifactKey: Guid(87970da31f2ebe749aa920981256ecb8) Importer(815301076,1909f56bfc062723c751e8b465ee728b)
Start importing Assets/art and everything nice/Tilesets/Tiles_69.asset using Guid(87970da31f2ebe749aa920981256ecb8) Importer(815301076,1909f56bfc062723c751e8b465ee728b) (PreviewImporter) -> (artifact id: '0383f199d56c9043c3be58886a2c15e5') in 0.0083247 seconds
Number of updated asset objects reloaded before import = 0Number of asset objects unloaded after import = 3

========================================================================
Received Import Request.
  Time since last request: 0.000025 seconds.
  path: Assets/art and everything nice/Tilesets/Tiles_51.asset
  artifactKey: Guid(0d2cf3cc0e92d6e4fb388b0c884f4c37) Importer(815301076,1909f56bfc062723c751e8b465ee728b)
Start importing Assets/art and everything nice/Tilesets/Tiles_51.asset using Guid(0d2cf3cc0e92d6e4fb388b0c884f4c37) Importer(815301076,1909f56bfc062723c751e8b465ee728b) (PreviewImporter) -> (artifact id: '43b9aa202404fd04ad716511742a8232') in 0.0083315 seconds
Number of updated asset objects reloaded before import = 0Number of asset objects unloaded after import = 3

========================================================================
Received Import Request.
  Time since last request: 0.000016 seconds.
  path: Assets/art and everything nice/Tilesets/Tiles_23.asset
  artifactKey: Guid(f3975d13d13a5ae4bad9126a811d1956) Importer(815301076,1909f56bfc062723c751e8b465ee728b)
Start importing Assets/art and everything nice/Tilesets/Tiles_23.asset using Guid(f3975d13d13a5ae4bad9126a811d1956) Importer(815301076,1909f56bfc062723c751e8b465ee728b) (PreviewImporter) -> (artifact id: '82cbd554297fbe34a174de706e7e3fd6') in 0.0081963 seconds
Number of updated asset objects reloaded before import = 0Number of asset objects unloaded after import = 3

========================================================================
Received Import Request.
  Time since last request: 0.000021 seconds.
  path: Assets/art and everything nice/Tilesets/Tiles_10.asset
  artifactKey: Guid(a406052876e4201448103306ffa47c66) Importer(815301076,1909f56bfc062723c751e8b465ee728b)
Start importing Assets/art and everything nice/Tilesets/Tiles_10.asset using Guid(a406052876e4201448103306ffa47c66) Importer(815301076,1909f56bfc062723c751e8b465ee728b) (PreviewImporter) -> (artifact id: 'c28566c6dfde921d6e8cfe2df60442bf') in 0.0081803 seconds
Number of updated asset objects reloaded before import = 0Number of asset objects unloaded after import = 3

========================================================================
Received Import Request.
  Time since last request: 0.000017 seconds.
  path: Assets/art and everything nice/Tilesets/Tiles_59.asset
  artifactKey: Guid(bfd71334136fd854290a42a7d4d8dc9d) Importer(815301076,1909f56bfc062723c751e8b465ee728b)
Start importing Assets/art and everything nice/Tilesets/Tiles_59.asset using Guid(bfd71334136fd854290a42a7d4d8dc9d) Importer(815301076,1909f56bfc062723c751e8b465ee728b) (PreviewImporter) -> (artifact id: '123f7df2b2f3c631f5f43df57f050f8f') in 0.0088699 seconds
Number of updated asset objects reloaded before import = 0Number of asset objects unloaded after import = 3

========================================================================
Received Import Request.
  Time since last request: 0.000018 seconds.
  path: Assets/art and everything nice/Tilesets/Tiles_28.asset
  artifactKey: Guid(1cf693bf81543824fb873d105b938601) Importer(815301076,1909f56bfc062723c751e8b465ee728b)
Start importing Assets/art and everything nice/Tilesets/Tiles_28.asset using Guid(1cf693bf81543824fb873d105b938601) Importer(815301076,1909f56bfc062723c751e8b465ee728b) (PreviewImporter) -> (artifact id: '7f82f82d7da336dec229c11dfa7b41eb') in 0.0075894 seconds
Number of updated asset objects reloaded before import = 0Number of asset objects unloaded after import = 3

========================================================================
Received Import Request.
  Time since last request: 0.000025 seconds.
  path: Assets/art and everything nice/Tilesets/Tiles_49.asset
  artifactKey: Guid(a0a973e9b75ed5446b532940dddaaa60) Importer(815301076,1909f56bfc062723c751e8b465ee728b)
Start importing Assets/art and everything nice/Tilesets/Tiles_49.asset using Guid(a0a973e9b75ed5446b532940dddaaa60) Importer(815301076,1909f56bfc062723c751e8b465ee728b) (PreviewImporter) -> (artifact id: '1300c62f89074fed017f0e35c05df64c') in 0.010332 seconds
Number of updated asset objects reloaded before import = 0Number of asset objects unloaded after import = 3

========================================================================
Received Import Request.
  Time since last request: 0.000021 seconds.
  path: Assets/art and everything nice/Tilesets/Tiles_48.asset
  artifactKey: Guid(58674a7e35c69584f913f26c72828be0) Importer(815301076,1909f56bfc062723c751e8b465ee728b)
Start importing Assets/art and everything nice/Tilesets/Tiles_48.asset using Guid(58674a7e35c69584f913f26c72828be0) Importer(815301076,1909f56bfc062723c751e8b465ee728b) (PreviewImporter) -> (artifact id: '1b49fe3c695aa6df3d9174292c4e3bd2') in 0.0090108 seconds
Number of updated asset objects reloaded before import = 0Number of asset objects unloaded after import = 3

========================================================================
Received Import Request.
  Time since last request: 0.000017 seconds.
  path: Assets/art and everything nice/Tilesets/Tiles_20.asset
  artifactKey: Guid(d30fef983223e3148a3ed89f02a42441) Importer(815301076,1909f56bfc062723c751e8b465ee728b)
Start importing Assets/art and everything nice/Tilesets/Tiles_20.asset using Guid(d30fef983223e3148a3ed89f02a42441) Importer(815301076,1909f56bfc062723c751e8b465ee728b) (PreviewImporter) -> (artifact id: '0f3e8f7709926120bf2ad26727cb7e40') in 0.0102755 seconds
Number of updated asset objects reloaded before import = 0Number of asset objects unloaded after import = 3

========================================================================
Received Import Request.
  Time since last request: 0.000017 seconds.
  path: Assets/art and everything nice/Tilesets/Tiles_27.asset
  artifactKey: Guid(1f12a6f572b06c84899b60d00f116616) Importer(815301076,1909f56bfc062723c751e8b465ee728b)
Start importing Assets/art and everything nice/Tilesets/Tiles_27.asset using Guid(1f12a6f572b06c84899b60d00f116616) Importer(815301076,1909f56bfc062723c751e8b465ee728b) (PreviewImporter) -> (artifact id: '7d3bd8a040984491e8156a74fe68d472') in 0.0117161 seconds
Number of updated asset objects reloaded before import = 0Number of asset objects unloaded after import = 3

========================================================================
Received Import Request.
  Time since last request: 0.000017 seconds.
  path: Assets/art and everything nice/Tilesets/Tiles_54.asset
  artifactKey: Guid(aecbcf0195d81fd47917d784a021bb7f) Importer(815301076,1909f56bfc062723c751e8b465ee728b)
Start importing Assets/art and everything nice/Tilesets/Tiles_54.asset using Guid(aecbcf0195d81fd47917d784a021bb7f) Importer(815301076,1909f56bfc062723c751e8b465ee728b) (PreviewImporter) -> (artifact id: '34e04e926c165191f0d48bbc77e7ee99') in 0.0085953 seconds
Number of updated asset objects reloaded before import = 0Number of asset objects unloaded after import = 3

========================================================================
Received Import Request.
  Time since last request: 0.000028 seconds.
  path: Assets/art and everything nice/Tilesets/Tiles_74.asset
  artifactKey: Guid(0a0d15ef6f7f7104d9808a9960b2d87e) Importer(815301076,1909f56bfc062723c751e8b465ee728b)
Start importing Assets/art and everything nice/Tilesets/Tiles_74.asset using Guid(0a0d15ef6f7f7104d9808a9960b2d87e) Importer(815301076,1909f56bfc062723c751e8b465ee728b) (PreviewImporter) -> (artifact id: 'e51d2ea45156e7f661b9bd73b95413c7') in 0.0094015 seconds
Number of updated asset objects reloaded before import = 0Number of asset objects unloaded after import = 3

Editor requested this worker to shutdown with reason: Scaling down because of idle timeout
AssetImportWorker is now disconnected from the server
Process exiting
Exiting without the bug reporter. Application will terminate with return code 0